TpTrace Verbose: 0 : 29300, 1, 2023/08/08, 18:08:33.545, 1814841082361, vstest.console.dll, Version: 17.2.0-release-20220408-11 Current process architecture: X64
TpTrace Information: 0 : 29300, 1, 2023/08/08, 18:08:33.551, 1814841141168, vstest.console.dll, FilePatternParser: The given file C:\Users\Adi\source\repos\JobFinder\JobFinder.Tests\bin\Debug\fine-code-coverage-net6.0\JobFinder.Tests.dll is a full path.
TpTrace Verbose: 0 : 29300, 1, 2023/08/08, 18:08:33.556, 1814841197317, vstest.console.dll, TestPluginCache.DiscoverTestExtensions: finding test extensions in assemblies ends with: RuntimeProvider.dll TPluginInfo: Microsoft.VisualStudio.TestPlatform.Common.ExtensionFramework.Utilities.TestRuntimePluginInformation TExtension: Microsoft.VisualStudio.TestPlatform.ObjectModel.Host.ITestRuntimeProvider
TpTrace Verbose: 0 : 29300, 1, 2023/08/08, 18:08:33.557, 1814841201748, vstest.console.dll, TestPluginCache.GetExtensionPaths: Filtered extension paths: 
TpTrace Verbose: 0 : 29300, 1, 2023/08/08, 18:08:33.557, 1814841202388, vstest.console.dll, TestPluginCache.GetExtensionPaths: Added default extension paths: C:\Program Files\dotnet\sdk\6.0.301\Extensions\DumpMinitool.exe
C:\Program Files\dotnet\sdk\6.0.301\Extensions\DumpMinitool.x86.exe
C:\Program Files\dotnet\sdk\6.0.301\Extensions\Microsoft.Diagnostics.NETCore.Client.dll
C:\Program Files\dotnet\sdk\6.0.301\Extensions\Microsoft.TestPlatform.Extensions.BlameDataCollector.dll
C:\Program Files\dotnet\sdk\6.0.301\Extensions\Microsoft.TestPlatform.Extensions.EventLogCollector.dll
C:\Program Files\dotnet\sdk\6.0.301\Extensions\Microsoft.TestPlatform.TestHostRuntimeProvider.dll
C:\Program Files\dotnet\sdk\6.0.301\Extensions\Microsoft.VisualStudio.TestPlatform.Extensions.Html.TestLogger.dll
C:\Program Files\dotnet\sdk\6.0.301\Extensions\Microsoft.VisualStudio.TestPlatform.Extensions.Trx.TestLogger.dll
TpTrace Verbose: 0 : 29300, 1, 2023/08/08, 18:08:33.557, 1814841202625, vstest.console.dll, TestPluginCache.GetExtensionPaths: Added unfilterableExtensionPaths: 
TpTrace Information: 0 : 29300, 1, 2023/08/08, 18:08:33.557, 1814841206989, vstest.console.dll, AssemblyResolver.ctor: Creating AssemblyResolver with searchDirectories C:\Program Files\dotnet\sdk\6.0.301\Extensions,C:\Program Files\dotnet\sdk\6.0.301
TpTrace Verbose: 0 : 29300, 1, 2023/08/08, 18:08:33.558, 1814841213613, vstest.console.dll, TestPluginCache.DiscoverTestExtensions: Discovering the extensions using extension path.
TpTrace Verbose: 0 : 29300, 1, 2023/08/08, 18:08:33.558, 1814841214589, vstest.console.dll, TestPluginCache.GetExtensionPaths: Filtered extension paths: 
TpTrace Verbose: 0 : 29300, 1, 2023/08/08, 18:08:33.558, 1814841214920, vstest.console.dll, TestPluginCache.GetExtensionPaths: Added default extension paths: C:\Program Files\dotnet\sdk\6.0.301\Extensions\DumpMinitool.exe
C:\Program Files\dotnet\sdk\6.0.301\Extensions\DumpMinitool.x86.exe
C:\Program Files\dotnet\sdk\6.0.301\Extensions\Microsoft.Diagnostics.NETCore.Client.dll
C:\Program Files\dotnet\sdk\6.0.301\Extensions\Microsoft.TestPlatform.Extensions.BlameDataCollector.dll
C:\Program Files\dotnet\sdk\6.0.301\Extensions\Microsoft.TestPlatform.Extensions.EventLogCollector.dll
C:\Program Files\dotnet\sdk\6.0.301\Extensions\Microsoft.TestPlatform.TestHostRuntimeProvider.dll
C:\Program Files\dotnet\sdk\6.0.301\Extensions\Microsoft.VisualStudio.TestPlatform.Extensions.Html.TestLogger.dll
C:\Program Files\dotnet\sdk\6.0.301\Extensions\Microsoft.VisualStudio.TestPlatform.Extensions.Trx.TestLogger.dll
TpTrace Verbose: 0 : 29300, 1, 2023/08/08, 18:08:33.558, 1814841215211, vstest.console.dll, TestPluginCache.GetExtensionPaths: Added unfilterableExtensionPaths: 
TpTrace Verbose: 0 : 29300, 1, 2023/08/08, 18:08:33.558, 1814841215698, vstest.console.dll, TestPluginCache.DiscoverTestExtensions: Discovering the extensions using allExtensionPaths: C:\Program Files\dotnet\sdk\6.0.301\Extensions\DumpMinitool.exe
C:\Program Files\dotnet\sdk\6.0.301\Extensions\DumpMinitool.x86.exe
C:\Program Files\dotnet\sdk\6.0.301\Extensions\Microsoft.Diagnostics.NETCore.Client.dll
C:\Program Files\dotnet\sdk\6.0.301\Extensions\Microsoft.TestPlatform.Extensions.BlameDataCollector.dll
C:\Program Files\dotnet\sdk\6.0.301\Extensions\Microsoft.TestPlatform.Extensions.EventLogCollector.dll
C:\Program Files\dotnet\sdk\6.0.301\Extensions\Microsoft.TestPlatform.TestHostRuntimeProvider.dll
C:\Program Files\dotnet\sdk\6.0.301\Extensions\Microsoft.VisualStudio.TestPlatform.Extensions.Html.TestLogger.dll
C:\Program Files\dotnet\sdk\6.0.301\Extensions\Microsoft.VisualStudio.TestPlatform.Extensions.Trx.TestLogger.dll
TpTrace Information: 0 : 29300, 1, 2023/08/08, 18:08:33.558, 1814841217226, vstest.console.dll, AssemblyResolver.AddSearchDirectories: Adding more searchDirectories C:\Program Files\dotnet\sdk\6.0.301\Extensions,C:\Program Files\dotnet\sdk\6.0.301
TpTrace Information: 0 : 29300, 1, 2023/08/08, 18:08:33.558, 1814841217695, vstest.console.dll, AssemblyResolver.AddSearchDirectories: Adding more searchDirectories C:\Program Files\dotnet\sdk\6.0.301\Extensions,C:\Program Files\dotnet\sdk\6.0.301
TpTrace Information: 0 : 29300, 1, 2023/08/08, 18:08:33.558, 1814841218023, vstest.console.dll, AssemblyResolver.AddSearchDirectories: Adding more searchDirectories C:\Program Files\dotnet\sdk\6.0.301\Extensions,C:\Program Files\dotnet\sdk\6.0.301
TpTrace Information: 0 : 29300, 1, 2023/08/08, 18:08:33.559, 1814841218262, vstest.console.dll, AssemblyResolver.AddSearchDirectories: Adding more searchDirectories C:\Program Files\dotnet\sdk\6.0.301\Extensions,C:\Program Files\dotnet\sdk\6.0.301
TpTrace Information: 0 : 29300, 1, 2023/08/08, 18:08:33.559, 1814841218501, vstest.console.dll, AssemblyResolver.AddSearchDirectories: Adding more searchDirectories C:\Program Files\dotnet\sdk\6.0.301\Extensions,C:\Program Files\dotnet\sdk\6.0.301
TpTrace Information: 0 : 29300, 1, 2023/08/08, 18:08:33.559, 1814841218785, vstest.console.dll, AssemblyResolver.AddSearchDirectories: Adding more searchDirectories C:\Program Files\dotnet\sdk\6.0.301\Extensions,C:\Program Files\dotnet\sdk\6.0.301
TpTrace Information: 0 : 29300, 1, 2023/08/08, 18:08:33.559, 1814841219022, vstest.console.dll, AssemblyResolver.AddSearchDirectories: Adding more searchDirectories C:\Program Files\dotnet\sdk\6.0.301\Extensions,C:\Program Files\dotnet\sdk\6.0.301
TpTrace Information: 0 : 29300, 1, 2023/08/08, 18:08:33.559, 1814841219267, vstest.console.dll, AssemblyResolver.AddSearchDirectories: Adding more searchDirectories C:\Program Files\dotnet\sdk\6.0.301\Extensions,C:\Program Files\dotnet\sdk\6.0.301
TpTrace Information: 0 : 29300, 1, 2023/08/08, 18:08:33.559, 1814841222397, vstest.console.dll, AssemblyResolver.OnResolve: DumpMinitool: Resolving assembly.
TpTrace Information: 0 : 29300, 1, 2023/08/08, 18:08:33.559, 1814841223017, vstest.console.dll, AssemblyResolver.OnResolve: DumpMinitool: Searching in: 'C:\Program Files\dotnet\sdk\6.0.301\Extensions'.
TpTrace Information: 0 : 29300, 1, 2023/08/08, 18:08:33.559, 1814841223839, vstest.console.dll, AssemblyResolver.OnResolve: DumpMinitool: Assembly path does not exist: 'C:\Program Files\dotnet\sdk\6.0.301\Extensions\DumpMinitool.dll', returning.
TpTrace Information: 0 : 29300, 1, 2023/08/08, 18:08:33.560, 1814841229341, vstest.console.dll, AssemblyResolver.OnResolve: DumpMinitool: Loading assembly 'C:\Program Files\dotnet\sdk\6.0.301\Extensions\DumpMinitool.exe'.
TpTrace Information: 0 : 29300, 1, 2023/08/08, 18:08:33.560, 1814841234502, vstest.console.dll, AssemblyResolver.OnResolve: Resolved assembly: DumpMinitool, from path: C:\Program Files\dotnet\sdk\6.0.301\Extensions\DumpMinitool.exe
TpTrace Verbose: 0 : 29300, 1, 2023/08/08, 18:08:33.564, 1814841272273, vstest.console.dll, MetadataReaderExtensionsHelper: Discovering extensions inside assembly 'DumpMinitool, Version=15.0.0.0, Culture=neutral, PublicKeyToken=b03f5f7f11d50a3a' file path 'C:\Program Files\dotnet\sdk\6.0.301\Extensions\DumpMinitool.exe'
TpTrace Information: 0 : 29300, 1, 2023/08/08, 18:08:33.570, 1814841332079, vstest.console.dll, AssemblyResolver.OnResolve: DumpMinitool.x86: Resolving assembly.
TpTrace Information: 0 : 29300, 1, 2023/08/08, 18:08:33.570, 1814841333284, vstest.console.dll, AssemblyResolver.OnResolve: DumpMinitool.x86: Searching in: 'C:\Program Files\dotnet\sdk\6.0.301\Extensions'.
TpTrace Information: 0 : 29300, 1, 2023/08/08, 18:08:33.570, 1814841333891, vstest.console.dll, AssemblyResolver.OnResolve: DumpMinitool.x86: Assembly path does not exist: 'C:\Program Files\dotnet\sdk\6.0.301\Extensions\DumpMinitool.x86.dll', returning.
TpTrace Information: 0 : 29300, 1, 2023/08/08, 18:08:33.570, 1814841337702, vstest.console.dll, AssemblyResolver.OnResolve: DumpMinitool.x86: Loading assembly 'C:\Program Files\dotnet\sdk\6.0.301\Extensions\DumpMinitool.x86.exe'.
TpTrace Information: 0 : 29300, 1, 2023/08/08, 18:08:33.571, 1814841341841, vstest.console.dll, AssemblyResolver.OnResolve: Resolved assembly: DumpMinitool.x86, from path: C:\Program Files\dotnet\sdk\6.0.301\Extensions\DumpMinitool.x86.exe
TpTrace Verbose: 0 : 29300, 1, 2023/08/08, 18:08:33.571, 1814841342323, vstest.console.dll, MetadataReaderExtensionsHelper: Discovering extensions inside assembly 'DumpMinitool.x86, Version=15.0.0.0, Culture=neutral, PublicKeyToken=b03f5f7f11d50a3a' file path 'C:\Program Files\dotnet\sdk\6.0.301\Extensions\DumpMinitool.x86.exe'
TpTrace Information: 0 : 29300, 1, 2023/08/08, 18:08:33.571, 1814841347491, vstest.console.dll, AssemblyResolver.OnResolve: Microsoft.Diagnostics.NETCore.Client: Resolving assembly.
TpTrace Information: 0 : 29300, 1, 2023/08/08, 18:08:33.571, 1814841347948, vstest.console.dll, AssemblyResolver.OnResolve: Microsoft.Diagnostics.NETCore.Client: Searching in: 'C:\Program Files\dotnet\sdk\6.0.301\Extensions'.
TpTrace Information: 0 : 29300, 1, 2023/08/08, 18:08:33.572, 1814841350641, vstest.console.dll, AssemblyResolver.OnResolve: Microsoft.Diagnostics.NETCore.Client: Loading assembly 'C:\Program Files\dotnet\sdk\6.0.301\Extensions\Microsoft.Diagnostics.NETCore.Client.dll'.
TpTrace Information: 0 : 29300, 1, 2023/08/08, 18:08:33.572, 1814841354331, vstest.console.dll, AssemblyResolver.OnResolve: Resolved assembly: Microsoft.Diagnostics.NETCore.Client, from path: C:\Program Files\dotnet\sdk\6.0.301\Extensions\Microsoft.Diagnostics.NETCore.Client.dll
TpTrace Verbose: 0 : 29300, 1, 2023/08/08, 18:08:33.572, 1814841354750, vstest.console.dll, MetadataReaderExtensionsHelper: Discovering extensions inside assembly 'Microsoft.Diagnostics.NETCore.Client, Version=0.2.5.801, Culture=neutral, PublicKeyToken=31bf3856ad364e35' file path 'C:\Program Files\dotnet\sdk\6.0.301\Extensions\Microsoft.Diagnostics.NETCore.Client.dll'
TpTrace Information: 0 : 29300, 1, 2023/08/08, 18:08:33.576, 1814841393387, vstest.console.dll, AssemblyResolver.OnResolve: Microsoft.Bcl.AsyncInterfaces: Resolving assembly.
TpTrace Information: 0 : 29300, 1, 2023/08/08, 18:08:33.576, 1814841394209, vstest.console.dll, AssemblyResolver.OnResolve: Microsoft.Bcl.AsyncInterfaces: Searching in: 'C:\Program Files\dotnet\sdk\6.0.301\Extensions'.
TpTrace Information: 0 : 29300, 1, 2023/08/08, 18:08:33.576, 1814841394731, vstest.console.dll, AssemblyResolver.OnResolve: Microsoft.Bcl.AsyncInterfaces: Assembly path does not exist: 'C:\Program Files\dotnet\sdk\6.0.301\Extensions\Microsoft.Bcl.AsyncInterfaces.dll', returning.
TpTrace Information: 0 : 29300, 1, 2023/08/08, 18:08:33.576, 1814841395074, vstest.console.dll, AssemblyResolver.OnResolve: Microsoft.Bcl.AsyncInterfaces: Assembly path does not exist: 'C:\Program Files\dotnet\sdk\6.0.301\Extensions\Microsoft.Bcl.AsyncInterfaces.exe', returning.
TpTrace Information: 0 : 29300, 1, 2023/08/08, 18:08:33.576, 1814841395241, vstest.console.dll, AssemblyResolver.OnResolve: Microsoft.Bcl.AsyncInterfaces: Searching in: 'C:\Program Files\dotnet\sdk\6.0.301'.
TpTrace Information: 0 : 29300, 1, 2023/08/08, 18:08:33.576, 1814841395588, vstest.console.dll, AssemblyResolver.OnResolve: Microsoft.Bcl.AsyncInterfaces: Assembly path does not exist: 'C:\Program Files\dotnet\sdk\6.0.301\Microsoft.Bcl.AsyncInterfaces.dll', returning.
TpTrace Information: 0 : 29300, 1, 2023/08/08, 18:08:33.576, 1814841395927, vstest.console.dll, AssemblyResolver.OnResolve: Microsoft.Bcl.AsyncInterfaces: Assembly path does not exist: 'C:\Program Files\dotnet\sdk\6.0.301\Microsoft.Bcl.AsyncInterfaces.exe', returning.
TpTrace Information: 0 : 29300, 1, 2023/08/08, 18:08:33.576, 1814841396748, vstest.console.dll, AssemblyResolver.OnResolve: Microsoft.Bcl.AsyncInterfaces: Failed to load assembly.
TpTrace Verbose: 0 : 29300, 1, 2023/08/08, 18:08:33.576, 1814841397227, vstest.console.dll, CurrentDomainAssemblyResolve: Resolving assembly 'Microsoft.Bcl.AsyncInterfaces'.
TpTrace Information: 0 : 29300, 1, 2023/08/08, 18:08:33.576, 1814841397782, vstest.console.dll, AssemblyResolver.OnResolve: Microsoft.Bcl.AsyncInterfaces: Resolving assembly.
TpTrace Information: 0 : 29300, 1, 2023/08/08, 18:08:33.577, 1814841398160, vstest.console.dll, AssemblyResolver.OnResolve: Microsoft.Bcl.AsyncInterfaces: Resolved from cache.
TpTrace Verbose: 0 : 29300, 1, 2023/08/08, 18:08:33.577, 1814841398396, vstest.console.dll, CurrentDomainAssemblyResolve: Resolving assembly 'Microsoft.Bcl.AsyncInterfaces'.
TpTrace Verbose: 0 : 29300, 1, 2023/08/08, 18:08:33.577, 1814841398735, vstest.console.dll, CurrentDomainAssemblyResolve: Failed to resolve assembly 'Microsoft.Bcl.AsyncInterfaces'.
TpTrace Verbose: 0 : 29300, 1, 2023/08/08, 18:08:33.577, 1814841402296, vstest.console.dll, CurrentDomainAssemblyResolve: Failed to resolve assembly 'Microsoft.Bcl.AsyncInterfaces'.
TpTrace Warning: 0 : 29300, 1, 2023/08/08, 18:08:33.584, 1814841475716, vstest.console.dll, TestPluginDiscoverer: Failed to get types from assembly 'Microsoft.Diagnostics.NETCore.Client, Version=0.2.5.801, Culture=neutral, PublicKeyToken=31bf3856ad364e35'. Error: System.Reflection.ReflectionTypeLoadException: Unable to load one or more of the requested types.
Could not load file or assembly 'Microsoft.Bcl.AsyncInterfaces, Version=1.0.0.0, Culture=neutral, PublicKeyToken=cc7b13ffcd2ddd51'. The system cannot find the file specified.
   at System.Reflection.RuntimeModule.GetTypes(RuntimeModule module)
   at System.Reflection.Assembly.GetTypes()
   at Microsoft.VisualStudio.TestPlatform.Common.ExtensionFramework.TestPluginDiscoverer.GetTestExtensionsFromAssembly[TPluginInfo,TExtension](Assembly assembly, Dictionary`2 pluginInfos, String filePath)
System.IO.FileNotFoundException: Could not load file or assembly 'Microsoft.Bcl.AsyncInterfaces, Version=1.0.0.0, Culture=neutral, PublicKeyToken=cc7b13ffcd2ddd51'. The system cannot find the file specified.
File name: 'Microsoft.Bcl.AsyncInterfaces, Version=1.0.0.0, Culture=neutral, PublicKeyToken=cc7b13ffcd2ddd51'
 ---> System.IO.FileNotFoundException: Could not load file or assembly 'Microsoft.Bcl.AsyncInterfaces, Culture=neutral, PublicKeyToken=null'. The system cannot find the file specified.
File name: 'Microsoft.Bcl.AsyncInterfaces, Culture=neutral, PublicKeyToken=null'
   at System.Reflection.RuntimeAssembly.InternalLoad(ObjectHandleOnStack assemblyName, ObjectHandleOnStack requestingAssembly, StackCrawlMarkHandle stackMark, Boolean throwOnFileNotFound, ObjectHandleOnStack assemblyLoadContext, ObjectHandleOnStack retAssembly)
   at System.Reflection.RuntimeAssembly.InternalLoad(AssemblyName assemblyName, RuntimeAssembly requestingAssembly, StackCrawlMark& stackMark, Boolean throwOnFileNotFound, AssemblyLoadContext assemblyLoadContext)
   at System.Reflection.Assembly.Load(AssemblyName assemblyRef)
   at Microsoft.VisualStudio.TestPlatform.Common.ExtensionFramework.TestPluginCache.CurrentDomainAssemblyResolve(Object sender, AssemblyResolveEventArgs args)
   at Microsoft.VisualStudio.TestPlatform.PlatformAbstractions.PlatformAssemblyResolver.AssemblyResolverEvent(Object sender, Object eventArgs)
   at System.Runtime.Loader.AssemblyLoadContext.GetFirstResolvedAssemblyFromResolvingEvent(AssemblyName assemblyName)
   at System.Runtime.Loader.AssemblyLoadContext.ResolveUsingEvent(AssemblyName assemblyName)
   at System.Runtime.Loader.AssemblyLoadContext.ResolveUsingResolvingEvent(IntPtr gchManagedAssemblyLoadContext, AssemblyName assemblyName)
TpTrace Warning: 0 : 29300, 1, 2023/08/08, 18:08:33.584, 1814841477925, vstest.console.dll, LoaderExceptions: System.IO.FileNotFoundException: Could not load file or assembly 'Microsoft.Bcl.AsyncInterfaces, Version=1.0.0.0, Culture=neutral, PublicKeyToken=cc7b13ffcd2ddd51'. The system cannot find the file specified.
File name: 'Microsoft.Bcl.AsyncInterfaces, Version=1.0.0.0, Culture=neutral, PublicKeyToken=cc7b13ffcd2ddd51'
 ---> System.IO.FileNotFoundException: Could not load file or assembly 'Microsoft.Bcl.AsyncInterfaces, Culture=neutral, PublicKeyToken=null'. The system cannot find the file specified.
File name: 'Microsoft.Bcl.AsyncInterfaces, Culture=neutral, PublicKeyToken=null'
   at System.Reflection.RuntimeAssembly.InternalLoad(ObjectHandleOnStack assemblyName, ObjectHandleOnStack requestingAssembly, StackCrawlMarkHandle stackMark, Boolean throwOnFileNotFound, ObjectHandleOnStack assemblyLoadContext, ObjectHandleOnStack retAssembly)
   at System.Reflection.RuntimeAssembly.InternalLoad(AssemblyName assemblyName, RuntimeAssembly requestingAssembly, StackCrawlMark& stackMark, Boolean throwOnFileNotFound, AssemblyLoadContext assemblyLoadContext)
   at System.Reflection.Assembly.Load(AssemblyName assemblyRef)
   at Microsoft.VisualStudio.TestPlatform.Common.ExtensionFramework.TestPluginCache.CurrentDomainAssemblyResolve(Object sender, AssemblyResolveEventArgs args)
   at Microsoft.VisualStudio.TestPlatform.PlatformAbstractions.PlatformAssemblyResolver.AssemblyResolverEvent(Object sender, Object eventArgs)
   at System.Runtime.Loader.AssemblyLoadContext.GetFirstResolvedAssemblyFromResolvingEvent(AssemblyName assemblyName)
   at System.Runtime.Loader.AssemblyLoadContext.ResolveUsingEvent(AssemblyName assemblyName)
   at System.Runtime.Loader.AssemblyLoadContext.ResolveUsingResolvingEvent(IntPtr gchManagedAssemblyLoadContext, AssemblyName assemblyName)
TpTrace Information: 0 : 29300, 1, 2023/08/08, 18:08:33.585, 1814841478738, vstest.console.dll, AssemblyResolver.OnResolve: Microsoft.TestPlatform.Extensions.BlameDataCollector: Resolving assembly.
TpTrace Information: 0 : 29300, 1, 2023/08/08, 18:08:33.585, 1814841478970, vstest.console.dll, AssemblyResolver.OnResolve: Microsoft.TestPlatform.Extensions.BlameDataCollector: Searching in: 'C:\Program Files\dotnet\sdk\6.0.301\Extensions'.
TpTrace Information: 0 : 29300, 1, 2023/08/08, 18:08:33.585, 1814841482977, vstest.console.dll, AssemblyResolver.OnResolve: Microsoft.TestPlatform.Extensions.BlameDataCollector: Loading assembly 'C:\Program Files\dotnet\sdk\6.0.301\Extensions\Microsoft.TestPlatform.Extensions.BlameDataCollector.dll'.
TpTrace Information: 0 : 29300, 1, 2023/08/08, 18:08:33.586, 1814841488314, vstest.console.dll, AssemblyResolver.OnResolve: Resolved assembly: Microsoft.TestPlatform.Extensions.BlameDataCollector, from path: C:\Program Files\dotnet\sdk\6.0.301\Extensions\Microsoft.TestPlatform.Extensions.BlameDataCollector.dll
TpTrace Verbose: 0 : 29300, 1, 2023/08/08, 18:08:33.586, 1814841489261, vstest.console.dll, MetadataReaderExtensionsHelper: Discovering extensions inside assembly 'Microsoft.TestPlatform.Extensions.BlameDataCollector, Version=15.0.0.0, Culture=neutral, PublicKeyToken=b03f5f7f11d50a3a' file path 'C:\Program Files\dotnet\sdk\6.0.301\Extensions\Microsoft.TestPlatform.Extensions.BlameDataCollector.dll'
TpTrace Information: 0 : 29300, 1, 2023/08/08, 18:08:33.587, 1814841499207, vstest.console.dll, AssemblyResolver.OnResolve: Microsoft.TestPlatform.Extensions.EventLogCollector: Resolving assembly.
TpTrace Information: 0 : 29300, 1, 2023/08/08, 18:08:33.587, 1814841499605, vstest.console.dll, AssemblyResolver.OnResolve: Microsoft.TestPlatform.Extensions.EventLogCollector: Searching in: 'C:\Program Files\dotnet\sdk\6.0.301\Extensions'.
TpTrace Information: 0 : 29300, 1, 2023/08/08, 18:08:33.587, 1814841502839, vstest.console.dll, AssemblyResolver.OnResolve: Microsoft.TestPlatform.Extensions.EventLogCollector: Loading assembly 'C:\Program Files\dotnet\sdk\6.0.301\Extensions\Microsoft.TestPlatform.Extensions.EventLogCollector.dll'.
TpTrace Information: 0 : 29300, 1, 2023/08/08, 18:08:33.587, 1814841506260, vstest.console.dll, AssemblyResolver.OnResolve: Resolved assembly: Microsoft.TestPlatform.Extensions.EventLogCollector, from path: C:\Program Files\dotnet\sdk\6.0.301\Extensions\Microsoft.TestPlatform.Extensions.EventLogCollector.dll
TpTrace Verbose: 0 : 29300, 1, 2023/08/08, 18:08:33.587, 1814841506752, vstest.console.dll, MetadataReaderExtensionsHelper: Discovering extensions inside assembly 'Microsoft.TestPlatform.Extensions.EventLogCollector, Version=15.0.0.0, Culture=neutral, PublicKeyToken=b03f5f7f11d50a3a' file path 'C:\Program Files\dotnet\sdk\6.0.301\Extensions\Microsoft.TestPlatform.Extensions.EventLogCollector.dll'
TpTrace Information: 0 : 29300, 1, 2023/08/08, 18:08:33.589, 1814841520736, vstest.console.dll, AssemblyResolver.OnResolve: Microsoft.TestPlatform.TestHostRuntimeProvider: Resolving assembly.
TpTrace Information: 0 : 29300, 1, 2023/08/08, 18:08:33.589, 1814841521448, vstest.console.dll, AssemblyResolver.OnResolve: Microsoft.TestPlatform.TestHostRuntimeProvider: Searching in: 'C:\Program Files\dotnet\sdk\6.0.301\Extensions'.
TpTrace Information: 0 : 29300, 1, 2023/08/08, 18:08:33.589, 1814841524367, vstest.console.dll, AssemblyResolver.OnResolve: Microsoft.TestPlatform.TestHostRuntimeProvider: Loading assembly 'C:\Program Files\dotnet\sdk\6.0.301\Extensions\Microsoft.TestPlatform.TestHostRuntimeProvider.dll'.
TpTrace Information: 0 : 29300, 1, 2023/08/08, 18:08:33.589, 1814841528135, vstest.console.dll, AssemblyResolver.OnResolve: Resolved assembly: Microsoft.TestPlatform.TestHostRuntimeProvider, from path: C:\Program Files\dotnet\sdk\6.0.301\Extensions\Microsoft.TestPlatform.TestHostRuntimeProvider.dll
TpTrace Verbose: 0 : 29300, 1, 2023/08/08, 18:08:33.590, 1814841528642, vstest.console.dll, MetadataReaderExtensionsHelper: Discovering extensions inside assembly 'Microsoft.TestPlatform.TestHostRuntimeProvider, Version=15.0.0.0, Culture=neutral, PublicKeyToken=b03f5f7f11d50a3a' file path 'C:\Program Files\dotnet\sdk\6.0.301\Extensions\Microsoft.TestPlatform.TestHostRuntimeProvider.dll'
TpTrace Information: 0 : 29300, 1, 2023/08/08, 18:08:33.591, 1814841541795, vstest.console.dll, GetTestExtensionFromType: Register extension with identifier data 'HostProvider://DefaultTestHost' and type 'Microsoft.VisualStudio.TestPlatform.CrossPlatEngine.Hosting.DefaultTestHostManager, Microsoft.TestPlatform.TestHostRuntimeProvider, Version=15.0.0.0, Culture=neutral, PublicKeyToken=b03f5f7f11d50a3a' inside file 'C:\Program Files\dotnet\sdk\6.0.301\Extensions\Microsoft.TestPlatform.TestHostRuntimeProvider.dll'
TpTrace Information: 0 : 29300, 1, 2023/08/08, 18:08:33.591, 1814841542369, vstest.console.dll, GetTestExtensionFromType: Register extension with identifier data 'HostProvider://DotnetTestHost' and type 'Microsoft.VisualStudio.TestPlatform.CrossPlatEngine.Hosting.DotnetTestHostManager, Microsoft.TestPlatform.TestHostRuntimeProvider, Version=15.0.0.0, Culture=neutral, PublicKeyToken=b03f5f7f11d50a3a' inside file 'C:\Program Files\dotnet\sdk\6.0.301\Extensions\Microsoft.TestPlatform.TestHostRuntimeProvider.dll'
TpTrace Information: 0 : 29300, 1, 2023/08/08, 18:08:33.591, 1814841542831, vstest.console.dll, AssemblyResolver.OnResolve: Microsoft.VisualStudio.TestPlatform.Extensions.Html.TestLogger: Resolving assembly.
TpTrace Information: 0 : 29300, 1, 2023/08/08, 18:08:33.591, 1814841543056, vstest.console.dll, AssemblyResolver.OnResolve: Microsoft.VisualStudio.TestPlatform.Extensions.Html.TestLogger: Searching in: 'C:\Program Files\dotnet\sdk\6.0.301\Extensions'.
TpTrace Information: 0 : 29300, 1, 2023/08/08, 18:08:33.591, 1814841545822, vstest.console.dll, AssemblyResolver.OnResolve: Microsoft.VisualStudio.TestPlatform.Extensions.Html.TestLogger: Loading assembly 'C:\Program Files\dotnet\sdk\6.0.301\Extensions\Microsoft.VisualStudio.TestPlatform.Extensions.Html.TestLogger.dll'.
TpTrace Information: 0 : 29300, 1, 2023/08/08, 18:08:33.592, 1814841549446, vstest.console.dll, AssemblyResolver.OnResolve: Resolved assembly: Microsoft.VisualStudio.TestPlatform.Extensions.Html.TestLogger, from path: C:\Program Files\dotnet\sdk\6.0.301\Extensions\Microsoft.VisualStudio.TestPlatform.Extensions.Html.TestLogger.dll
TpTrace Verbose: 0 : 29300, 1, 2023/08/08, 18:08:33.592, 1814841549937, vstest.console.dll, MetadataReaderExtensionsHelper: Discovering extensions inside assembly 'Microsoft.VisualStudio.TestPlatform.Extensions.Html.TestLogger, Version=15.0.0.0, Culture=neutral, PublicKeyToken=b03f5f7f11d50a3a' file path 'C:\Program Files\dotnet\sdk\6.0.301\Extensions\Microsoft.VisualStudio.TestPlatform.Extensions.Html.TestLogger.dll'
TpTrace Information: 0 : 29300, 1, 2023/08/08, 18:08:33.592, 1814841554789, vstest.console.dll, AssemblyResolver.OnResolve: Microsoft.VisualStudio.TestPlatform.Extensions.Trx.TestLogger: Resolving assembly.
TpTrace Information: 0 : 29300, 1, 2023/08/08, 18:08:33.592, 1814841555210, vstest.console.dll, AssemblyResolver.OnResolve: Microsoft.VisualStudio.TestPlatform.Extensions.Trx.TestLogger: Searching in: 'C:\Program Files\dotnet\sdk\6.0.301\Extensions'.
TpTrace Information: 0 : 29300, 1, 2023/08/08, 18:08:33.592, 1814841557821, vstest.console.dll, AssemblyResolver.OnResolve: Microsoft.VisualStudio.TestPlatform.Extensions.Trx.TestLogger: Loading assembly 'C:\Program Files\dotnet\sdk\6.0.301\Extensions\Microsoft.VisualStudio.TestPlatform.Extensions.Trx.TestLogger.dll'.
TpTrace Information: 0 : 29300, 1, 2023/08/08, 18:08:33.593, 1814841561199, vstest.console.dll, AssemblyResolver.OnResolve: Resolved assembly: Microsoft.VisualStudio.TestPlatform.Extensions.Trx.TestLogger, from path: C:\Program Files\dotnet\sdk\6.0.301\Extensions\Microsoft.VisualStudio.TestPlatform.Extensions.Trx.TestLogger.dll
TpTrace Verbose: 0 : 29300, 1, 2023/08/08, 18:08:33.593, 1814841561699, vstest.console.dll, MetadataReaderExtensionsHelper: Discovering extensions inside assembly 'Microsoft.VisualStudio.TestPlatform.Extensions.Trx.TestLogger, Version=15.0.0.0, Culture=neutral, PublicKeyToken=b03f5f7f11d50a3a' file path 'C:\Program Files\dotnet\sdk\6.0.301\Extensions\Microsoft.VisualStudio.TestPlatform.Extensions.Trx.TestLogger.dll'
TpTrace Verbose: 0 : 29300, 1, 2023/08/08, 18:08:33.594, 1814841568285, vstest.console.dll, TestPluginCache: Discovered the extensions using extension path ''.
TpTrace Verbose: 0 : 29300, 1, 2023/08/08, 18:08:33.594, 1814841568685, vstest.console.dll, TestPluginCache: Discoverers are ''.
TpTrace Verbose: 0 : 29300, 1, 2023/08/08, 18:08:33.594, 1814841568841, vstest.console.dll, TestPluginCache: Executors are ''.
TpTrace Verbose: 0 : 29300, 1, 2023/08/08, 18:08:33.594, 1814841568976, vstest.console.dll, TestPluginCache: Executors2 are ''.
TpTrace Verbose: 0 : 29300, 1, 2023/08/08, 18:08:33.594, 1814841569108, vstest.console.dll, TestPluginCache: Setting providers are ''.
TpTrace Verbose: 0 : 29300, 1, 2023/08/08, 18:08:33.594, 1814841569238, vstest.console.dll, TestPluginCache: Loggers are ''.
TpTrace Verbose: 0 : 29300, 1, 2023/08/08, 18:08:33.594, 1814841570190, vstest.console.dll, TestPluginCache: TestHosts are 'HostProvider://DefaultTestHost,HostProvider://DotnetTestHost'.
TpTrace Verbose: 0 : 29300, 1, 2023/08/08, 18:08:33.594, 1814841570392, vstest.console.dll, TestPluginCache: DataCollectors are ''.
TpTrace Information: 0 : 29300, 1, 2023/08/08, 18:08:33.601, 1814841642511, vstest.console.dll, RunTestsArgumentProcessor:Execute: Test run is starting.
TpTrace Verbose: 0 : 29300, 1, 2023/08/08, 18:08:33.601, 1814841643324, vstest.console.dll, RunTestsArgumentProcessor:Execute: Queuing Test run.
TpTrace Information: 0 : 29300, 1, 2023/08/08, 18:08:33.601, 1814841644559, vstest.console.dll, TestRequestManager.RunTests: run tests started.
TpTrace Information: 0 : 29300, 1, 2023/08/08, 18:08:33.603, 1814841662634, vstest.console.dll, AssemblyMetadataProvider.GetFrameWork: Determined framework:'.NETCoreApp,Version=v6.0' for source: 'C:\Users\Adi\source\repos\JobFinder\JobFinder.Tests\bin\Debug\fine-code-coverage-net6.0\JobFinder.Tests.dll'
TpTrace Information: 0 : 29300, 1, 2023/08/08, 18:08:33.603, 1814841663755, vstest.console.dll, Determined framework for all sources: .NETCoreApp,Version=v6.0
TpTrace Verbose: 0 : 29300, 1, 2023/08/08, 18:08:33.603, 1814841666477, vstest.console.dll, TestRequestManager.UpdateRunSettingsIfRequired: Default architecture: X64 IsDefaultTargetArchitecture: True, Current process architecture: X64 OperatingSystem: Windows.
TpTrace Information: 0 : 29300, 1, 2023/08/08, 18:08:33.604, 1814841668346, vstest.console.dll, AssemblyMetadataProvider.GetArchitecture: Determined architecture:AnyCPU info for assembly: C:\Users\Adi\source\repos\JobFinder\JobFinder.Tests\bin\Debug\fine-code-coverage-net6.0\JobFinder.Tests.dll
TpTrace Information: 0 : 29300, 1, 2023/08/08, 18:08:33.604, 1814841668622, vstest.console.dll, Determined platform for source 'C:\Users\Adi\source\repos\JobFinder\JobFinder.Tests\bin\Debug\fine-code-coverage-net6.0\JobFinder.Tests.dll' is 'AnyCPU'
TpTrace Information: 0 : 29300, 1, 2023/08/08, 18:08:33.605, 1814841680531, vstest.console.dll, Determined platform for all sources: X64
TpTrace Information: 0 : 29300, 1, 2023/08/08, 18:08:33.605, 1814841680913, vstest.console.dll, Infered platform 'X64'.
TpTrace Information: 0 : 29300, 1, 2023/08/08, 18:08:33.605, 1814841681097, vstest.console.dll, Platform update to 'X64' required.
TpTrace Information: 0 : 29300, 1, 2023/08/08, 18:08:33.606, 1814841697229, vstest.console.dll, Compatible sources list: 
TpTrace Information: 0 : 29300, 1, 2023/08/08, 18:08:33.606, 1814841697724, vstest.console.dll, C:\Users\Adi\source\repos\JobFinder\JobFinder.Tests\bin\Debug\fine-code-coverage-net6.0\JobFinder.Tests.dll
TpTrace Information: 0 : 29300, 1, 2023/08/08, 18:08:33.608, 1814841713854, vstest.console.dll, InferRunSettingsHelper.IsTestSettingsEnabled: Unable to navigate to RunSettings/MSTest. Current node: RunSettings
TpTrace Information: 0 : 29300, 1, 2023/08/08, 18:08:33.609, 1814841718252, vstest.console.dll, AssemblyResolver.OnResolve: Microsoft.VisualStudio.TestPlatform.Fakes: Resolving assembly.
TpTrace Information: 0 : 29300, 1, 2023/08/08, 18:08:33.609, 1814841718620, vstest.console.dll, AssemblyResolver.OnResolve: Microsoft.VisualStudio.TestPlatform.Fakes: Searching in: 'C:\Program Files\dotnet\sdk\6.0.301\Extensions'.
TpTrace Information: 0 : 29300, 1, 2023/08/08, 18:08:33.609, 1814841719323, vstest.console.dll, AssemblyResolver.OnResolve: Microsoft.VisualStudio.TestPlatform.Fakes: Assembly path does not exist: 'C:\Program Files\dotnet\sdk\6.0.301\Extensions\Microsoft.VisualStudio.TestPlatform.Fakes.dll', returning.
TpTrace Information: 0 : 29300, 1, 2023/08/08, 18:08:33.609, 1814841719636, vstest.console.dll, AssemblyResolver.OnResolve: Microsoft.VisualStudio.TestPlatform.Fakes: Assembly path does not exist: 'C:\Program Files\dotnet\sdk\6.0.301\Extensions\Microsoft.VisualStudio.TestPlatform.Fakes.exe', returning.
TpTrace Information: 0 : 29300, 1, 2023/08/08, 18:08:33.609, 1814841719830, vstest.console.dll, AssemblyResolver.OnResolve: Microsoft.VisualStudio.TestPlatform.Fakes: Searching in: 'C:\Program Files\dotnet\sdk\6.0.301'.
TpTrace Information: 0 : 29300, 1, 2023/08/08, 18:08:33.609, 1814841720184, vstest.console.dll, AssemblyResolver.OnResolve: Microsoft.VisualStudio.TestPlatform.Fakes: Assembly path does not exist: 'C:\Program Files\dotnet\sdk\6.0.301\Microsoft.VisualStudio.TestPlatform.Fakes.dll', returning.
TpTrace Information: 0 : 29300, 1, 2023/08/08, 18:08:33.609, 1814841720478, vstest.console.dll, AssemblyResolver.OnResolve: Microsoft.VisualStudio.TestPlatform.Fakes: Assembly path does not exist: 'C:\Program Files\dotnet\sdk\6.0.301\Microsoft.VisualStudio.TestPlatform.Fakes.exe', returning.
TpTrace Information: 0 : 29300, 1, 2023/08/08, 18:08:33.609, 1814841720633, vstest.console.dll, AssemblyResolver.OnResolve: Microsoft.VisualStudio.TestPlatform.Fakes: Failed to load assembly.
TpTrace Information: 0 : 29300, 1, 2023/08/08, 18:08:33.609, 1814841722523, vstest.console.dll, Failed to load assembly Microsoft.VisualStudio.TestPlatform.Fakes, Version=17.0.0.0, Culture=neutral. Reason:System.IO.FileNotFoundException: Could not load file or assembly 'Microsoft.VisualStudio.TestPlatform.Fakes, Version=17.0.0.0, Culture=neutral, PublicKeyToken=null'. The system cannot find the file specified.
File name: 'Microsoft.VisualStudio.TestPlatform.Fakes, Version=17.0.0.0, Culture=neutral, PublicKeyToken=null'
   at System.Reflection.RuntimeAssembly.InternalLoad(ObjectHandleOnStack assemblyName, ObjectHandleOnStack requestingAssembly, StackCrawlMarkHandle stackMark, Boolean throwOnFileNotFound, ObjectHandleOnStack assemblyLoadContext, ObjectHandleOnStack retAssembly)
   at System.Reflection.RuntimeAssembly.InternalLoad(AssemblyName assemblyName, RuntimeAssembly requestingAssembly, StackCrawlMark& stackMark, Boolean throwOnFileNotFound, AssemblyLoadContext assemblyLoadContext)
   at System.Reflection.Assembly.Load(AssemblyName assemblyRef)
   at Microsoft.VisualStudio.TestPlatform.Common.Utilities.FakesUtilities.LoadTestPlatformAssembly()
TpTrace Verbose: 0 : 29300, 1, 2023/08/08, 18:08:33.611, 1814841745030, vstest.console.dll, TestPluginCache.DiscoverTestExtensions: finding test extensions in assemblies ends with: TestLogger.dll TPluginInfo: Microsoft.VisualStudio.TestPlatform.Common.ExtensionFramework.Utilities.TestLoggerPluginInformation TExtension: Microsoft.VisualStudio.TestPlatform.ObjectModel.Client.ITestLogger
TpTrace Verbose: 0 : 29300, 1, 2023/08/08, 18:08:33.611, 1814841745590, vstest.console.dll, TestPluginCache.GetExtensionPaths: Filtered extension paths: 
TpTrace Verbose: 0 : 29300, 1, 2023/08/08, 18:08:33.611, 1814841745774, vstest.console.dll, TestPluginCache.GetExtensionPaths: Added default extension paths: C:\Program Files\dotnet\sdk\6.0.301\Extensions\DumpMinitool.exe
C:\Program Files\dotnet\sdk\6.0.301\Extensions\DumpMinitool.x86.exe
C:\Program Files\dotnet\sdk\6.0.301\Extensions\Microsoft.Diagnostics.NETCore.Client.dll
C:\Program Files\dotnet\sdk\6.0.301\Extensions\Microsoft.TestPlatform.Extensions.BlameDataCollector.dll
C:\Program Files\dotnet\sdk\6.0.301\Extensions\Microsoft.TestPlatform.Extensions.EventLogCollector.dll
C:\Program Files\dotnet\sdk\6.0.301\Extensions\Microsoft.TestPlatform.TestHostRuntimeProvider.dll
C:\Program Files\dotnet\sdk\6.0.301\Extensions\Microsoft.VisualStudio.TestPlatform.Extensions.Html.TestLogger.dll
C:\Program Files\dotnet\sdk\6.0.301\Extensions\Microsoft.VisualStudio.TestPlatform.Extensions.Trx.TestLogger.dll
TpTrace Verbose: 0 : 29300, 1, 2023/08/08, 18:08:33.611, 1814841745968, vstest.console.dll, TestPluginCache.GetExtensionPaths: Added unfilterableExtensionPaths: 
TpTrace Information: 0 : 29300, 1, 2023/08/08, 18:08:33.611, 1814841746705, vstest.console.dll, AssemblyResolver.AddSearchDirectories: Adding more searchDirectories C:\Program Files\dotnet\sdk\6.0.301\Extensions,C:\Program Files\dotnet\sdk\6.0.301
TpTrace Verbose: 0 : 29300, 1, 2023/08/08, 18:08:33.611, 1814841746944, vstest.console.dll, TestPluginCache.DiscoverTestExtensions: Discovering the extensions using extension path.
TpTrace Verbose: 0 : 29300, 1, 2023/08/08, 18:08:33.611, 1814841747158, vstest.console.dll, TestPluginCache.GetExtensionPaths: Filtered extension paths: 
TpTrace Verbose: 0 : 29300, 1, 2023/08/08, 18:08:33.611, 1814841747311, vstest.console.dll, TestPluginCache.GetExtensionPaths: Added default extension paths: C:\Program Files\dotnet\sdk\6.0.301\Extensions\DumpMinitool.exe
C:\Program Files\dotnet\sdk\6.0.301\Extensions\DumpMinitool.x86.exe
C:\Program Files\dotnet\sdk\6.0.301\Extensions\Microsoft.Diagnostics.NETCore.Client.dll
C:\Program Files\dotnet\sdk\6.0.301\Extensions\Microsoft.TestPlatform.Extensions.BlameDataCollector.dll
C:\Program Files\dotnet\sdk\6.0.301\Extensions\Microsoft.TestPlatform.Extensions.EventLogCollector.dll
C:\Program Files\dotnet\sdk\6.0.301\Extensions\Microsoft.TestPlatform.TestHostRuntimeProvider.dll
C:\Program Files\dotnet\sdk\6.0.301\Extensions\Microsoft.VisualStudio.TestPlatform.Extensions.Html.TestLogger.dll
C:\Program Files\dotnet\sdk\6.0.301\Extensions\Microsoft.VisualStudio.TestPlatform.Extensions.Trx.TestLogger.dll
TpTrace Verbose: 0 : 29300, 1, 2023/08/08, 18:08:33.611, 1814841747493, vstest.console.dll, TestPluginCache.GetExtensionPaths: Added unfilterableExtensionPaths: 
TpTrace Verbose: 0 : 29300, 1, 2023/08/08, 18:08:33.611, 1814841747933, vstest.console.dll, TestPluginCache.DiscoverTestExtensions: Discovering the extensions using allExtensionPaths: C:\Program Files\dotnet\sdk\6.0.301\Extensions\DumpMinitool.exe
C:\Program Files\dotnet\sdk\6.0.301\Extensions\DumpMinitool.x86.exe
C:\Program Files\dotnet\sdk\6.0.301\Extensions\Microsoft.Diagnostics.NETCore.Client.dll
C:\Program Files\dotnet\sdk\6.0.301\Extensions\Microsoft.TestPlatform.Extensions.BlameDataCollector.dll
C:\Program Files\dotnet\sdk\6.0.301\Extensions\Microsoft.TestPlatform.Extensions.EventLogCollector.dll
C:\Program Files\dotnet\sdk\6.0.301\Extensions\Microsoft.TestPlatform.TestHostRuntimeProvider.dll
C:\Program Files\dotnet\sdk\6.0.301\Extensions\Microsoft.VisualStudio.TestPlatform.Extensions.Html.TestLogger.dll
C:\Program Files\dotnet\sdk\6.0.301\Extensions\Microsoft.VisualStudio.TestPlatform.Extensions.Trx.TestLogger.dll
TpTrace Information: 0 : 29300, 1, 2023/08/08, 18:08:33.612, 1814841748237, vstest.console.dll, AssemblyResolver.AddSearchDirectories: Adding more searchDirectories C:\Program Files\dotnet\sdk\6.0.301\Extensions,C:\Program Files\dotnet\sdk\6.0.301
TpTrace Information: 0 : 29300, 1, 2023/08/08, 18:08:33.612, 1814841748418, vstest.console.dll, AssemblyResolver.AddSearchDirectories: Adding more searchDirectories C:\Program Files\dotnet\sdk\6.0.301\Extensions,C:\Program Files\dotnet\sdk\6.0.301
TpTrace Information: 0 : 29300, 1, 2023/08/08, 18:08:33.612, 1814841748573, vstest.console.dll, AssemblyResolver.AddSearchDirectories: Adding more searchDirectories C:\Program Files\dotnet\sdk\6.0.301\Extensions,C:\Program Files\dotnet\sdk\6.0.301
TpTrace Information: 0 : 29300, 1, 2023/08/08, 18:08:33.612, 1814841748781, vstest.console.dll, AssemblyResolver.AddSearchDirectories: Adding more searchDirectories C:\Program Files\dotnet\sdk\6.0.301\Extensions,C:\Program Files\dotnet\sdk\6.0.301
TpTrace Information: 0 : 29300, 1, 2023/08/08, 18:08:33.612, 1814841748933, vstest.console.dll, AssemblyResolver.AddSearchDirectories: Adding more searchDirectories C:\Program Files\dotnet\sdk\6.0.301\Extensions,C:\Program Files\dotnet\sdk\6.0.301
TpTrace Information: 0 : 29300, 1, 2023/08/08, 18:08:33.612, 1814841749084, vstest.console.dll, AssemblyResolver.AddSearchDirectories: Adding more searchDirectories C:\Program Files\dotnet\sdk\6.0.301\Extensions,C:\Program Files\dotnet\sdk\6.0.301
TpTrace Information: 0 : 29300, 1, 2023/08/08, 18:08:33.612, 1814841749261, vstest.console.dll, AssemblyResolver.AddSearchDirectories: Adding more searchDirectories C:\Program Files\dotnet\sdk\6.0.301\Extensions,C:\Program Files\dotnet\sdk\6.0.301
TpTrace Information: 0 : 29300, 1, 2023/08/08, 18:08:33.612, 1814841749416, vstest.console.dll, AssemblyResolver.AddSearchDirectories: Adding more searchDirectories C:\Program Files\dotnet\sdk\6.0.301\Extensions,C:\Program Files\dotnet\sdk\6.0.301
TpTrace Verbose: 0 : 29300, 1, 2023/08/08, 18:08:33.612, 1814841750177, vstest.console.dll, MetadataReaderExtensionsHelper: Discovering extensions inside assembly 'DumpMinitool, Version=15.0.0.0, Culture=neutral, PublicKeyToken=b03f5f7f11d50a3a' file path 'C:\Program Files\dotnet\sdk\6.0.301\Extensions\DumpMinitool.exe'
TpTrace Verbose: 0 : 29300, 1, 2023/08/08, 18:08:33.612, 1814841754824, vstest.console.dll, MetadataReaderExtensionsHelper: Discovering extensions inside assembly 'DumpMinitool.x86, Version=15.0.0.0, Culture=neutral, PublicKeyToken=b03f5f7f11d50a3a' file path 'C:\Program Files\dotnet\sdk\6.0.301\Extensions\DumpMinitool.x86.exe'
TpTrace Verbose: 0 : 29300, 1, 2023/08/08, 18:08:33.613, 1814841759616, vstest.console.dll, MetadataReaderExtensionsHelper: Discovering extensions inside assembly 'Microsoft.Diagnostics.NETCore.Client, Version=0.2.5.801, Culture=neutral, PublicKeyToken=31bf3856ad364e35' file path 'C:\Program Files\dotnet\sdk\6.0.301\Extensions\Microsoft.Diagnostics.NETCore.Client.dll'
TpTrace Information: 0 : 29300, 1, 2023/08/08, 18:08:33.613, 1814841764134, vstest.console.dll, AssemblyResolver.OnResolve: Microsoft.Bcl.AsyncInterfaces: Resolving assembly.
TpTrace Information: 0 : 29300, 1, 2023/08/08, 18:08:33.613, 1814841764516, vstest.console.dll, AssemblyResolver.OnResolve: Microsoft.Bcl.AsyncInterfaces: Resolved from cache.
TpTrace Verbose: 0 : 29300, 1, 2023/08/08, 18:08:33.613, 1814841764782, vstest.console.dll, CurrentDomainAssemblyResolve: Resolving assembly 'Microsoft.Bcl.AsyncInterfaces'.
TpTrace Information: 0 : 29300, 1, 2023/08/08, 18:08:33.613, 1814841765095, vstest.console.dll, AssemblyResolver.OnResolve: Microsoft.Bcl.AsyncInterfaces: Resolving assembly.
TpTrace Information: 0 : 29300, 1, 2023/08/08, 18:08:33.613, 1814841765293, vstest.console.dll, AssemblyResolver.OnResolve: Microsoft.Bcl.AsyncInterfaces: Resolved from cache.
TpTrace Verbose: 0 : 29300, 1, 2023/08/08, 18:08:33.613, 1814841765489, vstest.console.dll, CurrentDomainAssemblyResolve: Resolving assembly 'Microsoft.Bcl.AsyncInterfaces'.
TpTrace Verbose: 0 : 29300, 1, 2023/08/08, 18:08:33.613, 1814841765665, vstest.console.dll, CurrentDomainAssemblyResolve: Failed to resolve assembly 'Microsoft.Bcl.AsyncInterfaces'.
TpTrace Verbose: 0 : 29300, 1, 2023/08/08, 18:08:33.613, 1814841766953, vstest.console.dll, CurrentDomainAssemblyResolve: Failed to resolve assembly 'Microsoft.Bcl.AsyncInterfaces'.
TpTrace Warning: 0 : 29300, 1, 2023/08/08, 18:08:33.614, 1814841769742, vstest.console.dll, TestPluginDiscoverer: Failed to get types from assembly 'Microsoft.Diagnostics.NETCore.Client, Version=0.2.5.801, Culture=neutral, PublicKeyToken=31bf3856ad364e35'. Error: System.Reflection.ReflectionTypeLoadException: Unable to load one or more of the requested types.
Could not load file or assembly 'Microsoft.Bcl.AsyncInterfaces, Version=1.0.0.0, Culture=neutral, PublicKeyToken=cc7b13ffcd2ddd51'. The system cannot find the file specified.
   at System.Reflection.RuntimeModule.GetTypes(RuntimeModule module)
   at System.Reflection.Assembly.GetTypes()
   at Microsoft.VisualStudio.TestPlatform.Common.ExtensionFramework.TestPluginDiscoverer.GetTestExtensionsFromAssembly[TPluginInfo,TExtension](Assembly assembly, Dictionary`2 pluginInfos, String filePath)
System.IO.FileNotFoundException: Could not load file or assembly 'Microsoft.Bcl.AsyncInterfaces, Version=1.0.0.0, Culture=neutral, PublicKeyToken=cc7b13ffcd2ddd51'. The system cannot find the file specified.
File name: 'Microsoft.Bcl.AsyncInterfaces, Version=1.0.0.0, Culture=neutral, PublicKeyToken=cc7b13ffcd2ddd51'
 ---> System.IO.FileNotFoundException: Could not load file or assembly 'Microsoft.Bcl.AsyncInterfaces, Culture=neutral, PublicKeyToken=null'. The system cannot find the file specified.
File name: 'Microsoft.Bcl.AsyncInterfaces, Culture=neutral, PublicKeyToken=null'
   at System.Reflection.RuntimeAssembly.InternalLoad(ObjectHandleOnStack assemblyName, ObjectHandleOnStack requestingAssembly, StackCrawlMarkHandle stackMark, Boolean throwOnFileNotFound, ObjectHandleOnStack assemblyLoadContext, ObjectHandleOnStack retAssembly)
   at System.Reflection.RuntimeAssembly.InternalLoad(AssemblyName assemblyName, RuntimeAssembly requestingAssembly, StackCrawlMark& stackMark, Boolean throwOnFileNotFound, AssemblyLoadContext assemblyLoadContext)
   at System.Reflection.Assembly.Load(AssemblyName assemblyRef)
   at Microsoft.VisualStudio.TestPlatform.Common.ExtensionFramework.TestPluginCache.CurrentDomainAssemblyResolve(Object sender, AssemblyResolveEventArgs args)
   at Microsoft.VisualStudio.TestPlatform.PlatformAbstractions.PlatformAssemblyResolver.AssemblyResolverEvent(Object sender, Object eventArgs)
   at System.Runtime.Loader.AssemblyLoadContext.GetFirstResolvedAssemblyFromResolvingEvent(AssemblyName assemblyName)
   at System.Runtime.Loader.AssemblyLoadContext.ResolveUsingEvent(AssemblyName assemblyName)
   at System.Runtime.Loader.AssemblyLoadContext.ResolveUsingResolvingEvent(IntPtr gchManagedAssemblyLoadContext, AssemblyName assemblyName)
TpTrace Warning: 0 : 29300, 1, 2023/08/08, 18:08:33.614, 1814841771393, vstest.console.dll, LoaderExceptions: System.IO.FileNotFoundException: Could not load file or assembly 'Microsoft.Bcl.AsyncInterfaces, Version=1.0.0.0, Culture=neutral, PublicKeyToken=cc7b13ffcd2ddd51'. The system cannot find the file specified.
File name: 'Microsoft.Bcl.AsyncInterfaces, Version=1.0.0.0, Culture=neutral, PublicKeyToken=cc7b13ffcd2ddd51'
 ---> System.IO.FileNotFoundException: Could not load file or assembly 'Microsoft.Bcl.AsyncInterfaces, Culture=neutral, PublicKeyToken=null'. The system cannot find the file specified.
File name: 'Microsoft.Bcl.AsyncInterfaces, Culture=neutral, PublicKeyToken=null'
   at System.Reflection.RuntimeAssembly.InternalLoad(ObjectHandleOnStack assemblyName, ObjectHandleOnStack requestingAssembly, StackCrawlMarkHandle stackMark, Boolean throwOnFileNotFound, ObjectHandleOnStack assemblyLoadContext, ObjectHandleOnStack retAssembly)
   at System.Reflection.RuntimeAssembly.InternalLoad(AssemblyName assemblyName, RuntimeAssembly requestingAssembly, StackCrawlMark& stackMark, Boolean throwOnFileNotFound, AssemblyLoadContext assemblyLoadContext)
   at System.Reflection.Assembly.Load(AssemblyName assemblyRef)
   at Microsoft.VisualStudio.TestPlatform.Common.ExtensionFramework.TestPluginCache.CurrentDomainAssemblyResolve(Object sender, AssemblyResolveEventArgs args)
   at Microsoft.VisualStudio.TestPlatform.PlatformAbstractions.PlatformAssemblyResolver.AssemblyResolverEvent(Object sender, Object eventArgs)
   at System.Runtime.Loader.AssemblyLoadContext.GetFirstResolvedAssemblyFromResolvingEvent(AssemblyName assemblyName)
   at System.Runtime.Loader.AssemblyLoadContext.ResolveUsingEvent(AssemblyName assemblyName)
   at System.Runtime.Loader.AssemblyLoadContext.ResolveUsingResolvingEvent(IntPtr gchManagedAssemblyLoadContext, AssemblyName assemblyName)
TpTrace Verbose: 0 : 29300, 1, 2023/08/08, 18:08:33.614, 1814841772090, vstest.console.dll, MetadataReaderExtensionsHelper: Discovering extensions inside assembly 'Microsoft.TestPlatform.Extensions.BlameDataCollector, Version=15.0.0.0, Culture=neutral, PublicKeyToken=b03f5f7f11d50a3a' file path 'C:\Program Files\dotnet\sdk\6.0.301\Extensions\Microsoft.TestPlatform.Extensions.BlameDataCollector.dll'
TpTrace Information: 0 : 29300, 1, 2023/08/08, 18:08:33.614, 1814841777182, vstest.console.dll, GetTestExtensionFromType: Register extension with identifier data 'logger://Microsoft/TestPlatform/Extensions/Blame/v1' and type 'Microsoft.TestPlatform.Extensions.BlameDataCollector.BlameLogger, Microsoft.TestPlatform.Extensions.BlameDataCollector, Version=15.0.0.0, Culture=neutral, PublicKeyToken=b03f5f7f11d50a3a' inside file 'C:\Program Files\dotnet\sdk\6.0.301\Extensions\Microsoft.TestPlatform.Extensions.BlameDataCollector.dll'
TpTrace Verbose: 0 : 29300, 1, 2023/08/08, 18:08:33.614, 1814841777692, vstest.console.dll, MetadataReaderExtensionsHelper: Discovering extensions inside assembly 'Microsoft.TestPlatform.Extensions.EventLogCollector, Version=15.0.0.0, Culture=neutral, PublicKeyToken=b03f5f7f11d50a3a' file path 'C:\Program Files\dotnet\sdk\6.0.301\Extensions\Microsoft.TestPlatform.Extensions.EventLogCollector.dll'
TpTrace Verbose: 0 : 29300, 1, 2023/08/08, 18:08:33.615, 1814841780905, vstest.console.dll, MetadataReaderExtensionsHelper: Discovering extensions inside assembly 'Microsoft.TestPlatform.TestHostRuntimeProvider, Version=15.0.0.0, Culture=neutral, PublicKeyToken=b03f5f7f11d50a3a' file path 'C:\Program Files\dotnet\sdk\6.0.301\Extensions\Microsoft.TestPlatform.TestHostRuntimeProvider.dll'
TpTrace Verbose: 0 : 29300, 1, 2023/08/08, 18:08:33.615, 1814841784278, vstest.console.dll, MetadataReaderExtensionsHelper: Discovering extensions inside assembly 'Microsoft.VisualStudio.TestPlatform.Extensions.Html.TestLogger, Version=15.0.0.0, Culture=neutral, PublicKeyToken=b03f5f7f11d50a3a' file path 'C:\Program Files\dotnet\sdk\6.0.301\Extensions\Microsoft.VisualStudio.TestPlatform.Extensions.Html.TestLogger.dll'
TpTrace Information: 0 : 29300, 1, 2023/08/08, 18:08:33.615, 1814841787645, vstest.console.dll, GetTestExtensionFromType: Register extension with identifier data 'logger://Microsoft/TestPlatform/HtmlLogger/v1' and type 'Microsoft.VisualStudio.TestPlatform.Extensions.HtmlLogger.HtmlLogger, Microsoft.VisualStudio.TestPlatform.Extensions.Html.TestLogger, Version=15.0.0.0, Culture=neutral, PublicKeyToken=b03f5f7f11d50a3a' inside file 'C:\Program Files\dotnet\sdk\6.0.301\Extensions\Microsoft.VisualStudio.TestPlatform.Extensions.Html.TestLogger.dll'
TpTrace Verbose: 0 : 29300, 1, 2023/08/08, 18:08:33.616, 1814841788563, vstest.console.dll, MetadataReaderExtensionsHelper: Discovering extensions inside assembly 'Microsoft.VisualStudio.TestPlatform.Extensions.Trx.TestLogger, Version=15.0.0.0, Culture=neutral, PublicKeyToken=b03f5f7f11d50a3a' file path 'C:\Program Files\dotnet\sdk\6.0.301\Extensions\Microsoft.VisualStudio.TestPlatform.Extensions.Trx.TestLogger.dll'
TpTrace Information: 0 : 29300, 1, 2023/08/08, 18:08:33.616, 1814841793711, vstest.console.dll, GetTestExtensionFromType: Register extension with identifier data 'logger://Microsoft/TestPlatform/TrxLogger/v1' and type 'Microsoft.VisualStudio.TestPlatform.Extensions.TrxLogger.TrxLogger, Microsoft.VisualStudio.TestPlatform.Extensions.Trx.TestLogger, Version=15.0.0.0, Culture=neutral, PublicKeyToken=b03f5f7f11d50a3a' inside file 'C:\Program Files\dotnet\sdk\6.0.301\Extensions\Microsoft.VisualStudio.TestPlatform.Extensions.Trx.TestLogger.dll'
TpTrace Verbose: 0 : 29300, 1, 2023/08/08, 18:08:33.616, 1814841794674, vstest.console.dll, TestPluginCache: Discovered the extensions using extension path ''.
TpTrace Verbose: 0 : 29300, 1, 2023/08/08, 18:08:33.616, 1814841794866, vstest.console.dll, TestPluginCache: Discoverers are ''.
TpTrace Verbose: 0 : 29300, 1, 2023/08/08, 18:08:33.616, 1814841795021, vstest.console.dll, TestPluginCache: Executors are ''.
TpTrace Verbose: 0 : 29300, 1, 2023/08/08, 18:08:33.616, 1814841795164, vstest.console.dll, TestPluginCache: Executors2 are ''.
TpTrace Verbose: 0 : 29300, 1, 2023/08/08, 18:08:33.616, 1814841795305, vstest.console.dll, TestPluginCache: Setting providers are ''.
TpTrace Verbose: 0 : 29300, 1, 2023/08/08, 18:08:33.616, 1814841795935, vstest.console.dll, TestPluginCache: Loggers are 'logger://Microsoft/TestPlatform/Extensions/Blame/v1,logger://Microsoft/TestPlatform/HtmlLogger/v1,logger://Microsoft/TestPlatform/TrxLogger/v1'.
TpTrace Verbose: 0 : 29300, 1, 2023/08/08, 18:08:33.616, 1814841796215, vstest.console.dll, TestPluginCache: TestHosts are 'HostProvider://DefaultTestHost,HostProvider://DotnetTestHost'.
TpTrace Verbose: 0 : 29300, 1, 2023/08/08, 18:08:33.616, 1814841796380, vstest.console.dll, TestPluginCache: DataCollectors are ''.
TpTrace Information: 0 : 29300, 1, 2023/08/08, 18:08:33.617, 1814841801625, vstest.console.dll, TestPluginManager.CreateTestExtension: Attempting to load test extension: Microsoft.TestPlatform.Extensions.BlameDataCollector.BlameLogger
TpTrace Information: 0 : 29300, 1, 2023/08/08, 18:08:33.621, 1814841842746, vstest.console.dll, TestPluginManager.CreateTestExtension: Attempting to load test extension: Microsoft.VisualStudio.TestPlatform.CrossPlatEngine.Hosting.DefaultTestHostManager
TpTrace Information: 0 : 29300, 1, 2023/08/08, 18:08:33.622, 1814841849624, vstest.console.dll, TestPluginManager.CreateTestExtension: Attempting to load test extension: Microsoft.VisualStudio.TestPlatform.CrossPlatEngine.Hosting.DotnetTestHostManager
TpTrace Verbose: 0 : 29300, 1, 2023/08/08, 18:08:33.622, 1814841854129, vstest.console.dll, TestEngine: Initializing Parallel Execution as MaxCpuCount is set to: 1
TpTrace Information: 0 : 29300, 1, 2023/08/08, 18:08:33.622, 1814841858059, vstest.console.dll, InferRunSettingsHelper.IsTestSettingsEnabled: Unable to navigate to RunSettings/MSTest. Current node: RunSettings
TpTrace Verbose: 0 : 29300, 1, 2023/08/08, 18:08:33.623, 1814841865012, vstest.console.dll, TestRequestSender is acting as server.
TpTrace Verbose: 0 : 29300, 1, 2023/08/08, 18:08:33.624, 1814841872051, vstest.console.dll, TestEngine.GetExecutionManager: Chosen execution manager 'Microsoft.VisualStudio.TestPlatform.CrossPlatEngine.Client.Parallel.ParallelProxyExecutionManager, Microsoft.TestPlatform.CrossPlatEngine, Version=15.0.0.0, Culture=neutral, PublicKeyToken=b03f5f7f11d50a3a' ParallelLevel '1' Shared host 'False'
TpTrace Verbose: 0 : 29300, 5, 2023/08/08, 18:08:33.626, 1814841891640, vstest.console.dll, DataCollectionRequestSender.InitializeCommunication : Initialize communication. 
TpTrace Information: 0 : 29300, 5, 2023/08/08, 18:08:33.630, 1814841936996, vstest.console.dll, Listening on Endpoint : 127.0.0.1:52338
TpTrace Verbose: 0 : 29300, 5, 2023/08/08, 18:08:33.636, 1814841995806, vstest.console.dll, DotnetDataCollectionLauncher: Full path of dotnet.exe is C:\Program Files\dotnet\dotnet.exe
TpTrace Verbose: 0 : 29300, 5, 2023/08/08, 18:08:33.636, 1814841997598, vstest.console.dll, DotnetDataCollectionLauncher: Adding  --runtimeconfig "C:\Program Files\dotnet\sdk\6.0.301\datacollector.runtimeconfig.json" in args
TpTrace Verbose: 0 : 29300, 5, 2023/08/08, 18:08:33.637, 1814841998284, vstest.console.dll, DotnetDataCollectionLauncher: Adding  --depsfile "C:\Program Files\dotnet\sdk\6.0.301\datacollector.deps.json" in args
TpTrace Information: 0 : 29300, 5, 2023/08/08, 18:08:33.644, 1814842077424, vstest.console.dll, ProxyDataCollectionManager.Initialize: Launched datacollector processId: 26320 port: 52338
TpTrace Information: 0 : 29300, 5, 2023/08/08, 18:08:33.645, 1814842078769, vstest.console.dll, ProxyDataCollectionManager.Initialize: waiting for connection with timeout: 90 seconds
TpTrace Verbose: 0 : 29300, 5, 2023/08/08, 18:08:33.645, 1814842079245, vstest.console.dll, DataCollectionRequestSender.WaitForRequestHandlerConnection : Waiting for connection with timeout: 90000
TpTrace Information: 0 : 29300, 8, 2023/08/08, 18:08:33.741, 1814843038704, vstest.console.dll, Using the buffer size of 16384 bytes
TpTrace Verbose: 0 : 29300, 5, 2023/08/08, 18:08:33.741, 1814843039036, vstest.console.dll, SocketCommunicationManager.WaitForClientConnection took: 95 ms, with 90000 ms timeout, and finished with True.
TpTrace Information: 0 : 29300, 8, 2023/08/08, 18:08:33.741, 1814843039773, vstest.console.dll, Accepted Client request and set the flag
TpTrace Verbose: 0 : 29300, 5, 2023/08/08, 18:08:33.741, 1814843040999, vstest.console.dll, ProxyDataCollectionManager.InvokeDataCollectionServiceAction: Starting.
TpTrace Information: 0 : 29300, 5, 2023/08/08, 18:08:33.741, 1814843041768, vstest.console.dll, ProxyDataCollectionManager.BeforeTestRunStart: Get environment variable and port for datacollector processId: 26320 port: 52338
TpTrace Verbose: 0 : 29300, 5, 2023/08/08, 18:08:33.741, 1814843042571, vstest.console.dll, DataCollectionRequestSender.SendBeforeTestRunStartAndGetResult: Send BeforeTestRunStart message with settingsXml <RunSettings><RunConfiguration><ResultsDirectory>C:\Users\Adi\source\repos\JobFinder\JobFinder.Tests\bin\Debug\net6.0\fine-code-coverage\coverage-tool-output</ResultsDirectory><TargetPlatform>X64</TargetPlatform><TargetFrameworkVersion>.NETCoreApp,Version=v6.0</TargetFrameworkVersion><DesignMode>False</DesignMode><CollectSourceInformation>False</CollectSourceInformation><TestAdaptersPaths>C:\Program Files\dotnet\sdk\6.0.301\Extensions</TestAdaptersPaths></RunConfiguration><LoggerRunSettings><Loggers><Logger friendlyName="blame" enabled="True" /><Logger friendlyName="Console" uri="logger://microsoft/TestPlatform/ConsoleLogger/v1" assemblyQualifiedName="Microsoft.VisualStudio.TestPlatform.CommandLine.Internal.ConsoleLogger, vstest.console, Version=15.0.0.0, Culture=neutral, PublicKeyToken=b03f5f7f11d50a3a" codeBase="C:\Program Files\dotnet\sdk\6.0.301\vstest.console.dll" enabled="True" /></Loggers></LoggerRunSettings><DataCollectionRunSettings><DataCollectors><DataCollector friendlyName="blame" enabled="True"><Configuration><ResultsDirectory>C:\Users\Adi\source\repos\JobFinder\JobFinder.Tests\bin\Debug\net6.0\fine-code-coverage\coverage-tool-output</ResultsDirectory></Configuration></DataCollector></DataCollectors></DataCollectionRunSettings></RunSettings> and sources System.Linq.Enumerable+Concat2Iterator`1[System.String]: 
TpTrace Verbose: 0 : 29300, 5, 2023/08/08, 18:08:33.789, 1814843520148, vstest.console.dll, DataCollectionRequestSender.SendBeforeTestRunStartAndGetResult: Received message: (DataCollection.SendMessage) -> {
  "FriendlyName": null,
  "Uri": null,
  "TestCaseId": "00000000-0000-0000-0000-000000000000",
  "Message": "Logging DataCollector Diagnostics in file: C:\\Users\\Adi\\source\\repos\\JobFinder\\JobFinder.Tests\\bin\\Debug\\net6.0\\fine-code-coverage\\coverage-tool-output\\diagnostics.datacollector.23-08-08_18-08-33_63650_5.log",
  "Level": 0
}
TpTrace Verbose: 0 : 29300, 5, 2023/08/08, 18:08:33.841, 1814844046420, vstest.console.dll, DataCollectionRequestSender.SendBeforeTestRunStartAndGetResult: Received message: (DataCollection.BeforeTestRunStartResult) -> {
  "EnvironmentVariables": {},
  "DataCollectionEventsPort": 52340
}
TpTrace Information: 0 : 29300, 5, 2023/08/08, 18:08:33.846, 1814844094189, vstest.console.dll, ProxyDataCollectionManager.BeforeTestRunStart: SendBeforeTestRunStartAndGetResult successful, env variable from datacollector:   and testhost port: 52340
TpTrace Information: 0 : 29300, 5, 2023/08/08, 18:08:33.846, 1814844095063, vstest.console.dll, ProxyDataCollectionManager.InvokeDataCollectionServiceAction: Completed.
TpTrace Verbose: 0 : 29300, 1, 2023/08/08, 18:08:33.846, 1814844096047, vstest.console.dll, TestRunRequest.ExecuteAsync: Creating test run request.
TpTrace Verbose: 0 : 29300, 1, 2023/08/08, 18:08:33.847, 1814844098147, vstest.console.dll, TestRunRequest.ExecuteAsync: Starting.
TpTrace Information: 0 : 29300, 1, 2023/08/08, 18:08:33.847, 1814844100524, vstest.console.dll, TestRunRequest.ExecuteAsync: Starting run with settings:TestRunCriteria:
   KeepAlive=False,FrequencyOfRunStatsChangeEvent=10,RunStatsChangeEventTimeout=00:00:01.5000000,TestCaseFilter=,TestExecutorLauncher=
   Settingsxml=<RunSettings>
  <RunConfiguration>
    <ResultsDirectory>C:\Users\Adi\source\repos\JobFinder\JobFinder.Tests\bin\Debug\net6.0\fine-code-coverage\coverage-tool-output</ResultsDirectory>
    <TargetPlatform>X64</TargetPlatform>
    <TargetFrameworkVersion>.NETCoreApp,Version=v6.0</TargetFrameworkVersion>
    <DesignMode>False</DesignMode>
    <CollectSourceInformation>False</CollectSourceInformation>
  </RunConfiguration>
  <LoggerRunSettings>
    <Loggers>
      <Logger friendlyName="blame" enabled="True" />
      <Logger friendlyName="Console" uri="logger://microsoft/TestPlatform/ConsoleLogger/v1" assemblyQualifiedName="Microsoft.VisualStudio.TestPlatform.CommandLine.Internal.ConsoleLogger, vstest.console, Version=15.0.0.0, Culture=neutral, PublicKeyToken=b03f5f7f11d50a3a" codeBase="C:\Program Files\dotnet\sdk\6.0.301\vstest.console.dll" enabled="True" />
    </Loggers>
  </LoggerRunSettings>
  <DataCollectionRunSettings>
    <DataCollectors>
      <DataCollector friendlyName="blame" enabled="True">
        <Configuration>
          <ResultsDirectory>C:\Users\Adi\source\repos\JobFinder\JobFinder.Tests\bin\Debug\net6.0\fine-code-coverage\coverage-tool-output</ResultsDirectory>
        </Configuration>
      </DataCollector>
    </DataCollectors>
  </DataCollectionRunSettings>
</RunSettings>

TpTrace Verbose: 0 : 29300, 1, 2023/08/08, 18:08:33.847, 1814844100855, vstest.console.dll, TestRunRequest.ExecuteAsync: Wait for the first run request is over.
TpTrace Verbose: 0 : 29300, 1, 2023/08/08, 18:08:33.847, 1814844103012, vstest.console.dll, MulticastDelegateUtilities.SafeInvoke: TestRun.TestRunStart: Invoking callbacks was skipped because there are no subscribers.
TpTrace Verbose: 0 : 29300, 1, 2023/08/08, 18:08:33.847, 1814844104233, vstest.console.dll, ParallelProxyExecutionManager: Start execution. Total sources: 1
TpTrace Verbose: 0 : 29300, 4, 2023/08/08, 18:08:33.847, 1814844104446, vstest.console.dll, MulticastDelegateUtilities.SafeInvoke: InternalTestLoggerEvents.SendTestRunStart: Invoking callback 1/1 for Microsoft.VisualStudio.TestPlatform.CommandLine.Internal.ConsoleLogger.TestRunStartHandler, took 0 ms.
TpTrace Information: 0 : 29300, 1, 2023/08/08, 18:08:33.848, 1814844108276, vstest.console.dll, ProxyParallelExecutionManager: Triggering test run for next source: C:\Users\Adi\source\repos\JobFinder\JobFinder.Tests\bin\Debug\fine-code-coverage-net6.0\JobFinder.Tests.dll
TpTrace Verbose: 0 : 29300, 5, 2023/08/08, 18:08:33.848, 1814844109262, vstest.console.dll, ParallelProxyExecutionManager: Execution started. Started clients: 1
TpTrace Verbose: 0 : 29300, 1, 2023/08/08, 18:08:33.848, 1814844109458, vstest.console.dll, ProxyParallelExecutionManager: No sources available for execution.
TpTrace Information: 0 : 29300, 1, 2023/08/08, 18:08:33.848, 1814844109753, vstest.console.dll, TestRunRequest.ExecuteAsync: Started.
TpTrace Verbose: 0 : 29300, 1, 2023/08/08, 18:08:33.848, 1814844110121, vstest.console.dll, TestRunRequest.WaitForCompletion: Waiting with timeout -1.
TpTrace Verbose: 0 : 29300, 5, 2023/08/08, 18:08:33.848, 1814844111215, vstest.console.dll, TestRunRequest:SendTestRunMessage: Starting.
TpTrace Verbose: 0 : 29300, 5, 2023/08/08, 18:08:33.848, 1814844112145, vstest.console.dll, MulticastDelegateUtilities.SafeInvoke: TestRun.LogMessages: Invoking callback 1/1 for Microsoft.VisualStudio.TestPlatform.CommandLine.TestRunResultAggregator.TestRunMessageHandler, took 0 ms.
TpTrace Information: 0 : 29300, 5, 2023/08/08, 18:08:33.848, 1814844112392, vstest.console.dll, TestRunRequest:SendTestRunMessage: Completed.
TpTrace Verbose: 0 : 29300, 4, 2023/08/08, 18:08:33.848, 1814844112871, vstest.console.dll, MulticastDelegateUtilities.SafeInvoke: InternalTestLoggerEvents.SendTestRunMessage: Invoking callback 1/1 for Microsoft.VisualStudio.TestPlatform.CommandLine.Internal.ConsoleLogger.TestMessageHandler, took 0 ms.
TpTrace Verbose: 0 : 29300, 5, 2023/08/08, 18:08:33.848, 1814844113835, vstest.console.dll, ProxyExecutionManager: Test host is always Lazy initialize.
TpTrace Verbose: 0 : 29300, 5, 2023/08/08, 18:08:33.848, 1814844115292, vstest.console.dll, TestRequestSender.InitializeCommunication: initialize communication. 
TpTrace Information: 0 : 29300, 5, 2023/08/08, 18:08:33.849, 1814844119478, vstest.console.dll, SocketServer.Start: Listening on endpoint : 127.0.0.1:52341
TpTrace Verbose: 0 : 29300, 5, 2023/08/08, 18:08:33.849, 1814844123880, vstest.console.dll, DotnetTestHostmanager.GetTestHostProcessStartInfo: Platform environment 'X64' target architecture 'X64' framework '.NETCoreApp,Version=v6.0' OS 'Windows'
TpTrace Verbose: 0 : 29300, 5, 2023/08/08, 18:08:33.849, 1814844125277, vstest.console.dll, DotnetTestHostmanager: Adding  --runtimeconfig "C:\Users\Adi\source\repos\JobFinder\JobFinder.Tests\bin\Debug\fine-code-coverage-net6.0\JobFinder.Tests.runtimeconfig.json" in args
TpTrace Verbose: 0 : 29300, 5, 2023/08/08, 18:08:33.849, 1814844125779, vstest.console.dll, DotnetTestHostmanager: Adding  --depsfile "C:\Users\Adi\source\repos\JobFinder\JobFinder.Tests\bin\Debug\fine-code-coverage-net6.0\JobFinder.Tests.deps.json" in args
TpTrace Verbose: 0 : 29300, 5, 2023/08/08, 18:08:33.849, 1814844126824, vstest.console.dll, DotnetTestHostmanager.IsWinOnArm: Current PROCESSOR_ARCHITECTURE from environment variable 'AMD64'
TpTrace Verbose: 0 : 29300, 5, 2023/08/08, 18:08:33.849, 1814844127155, vstest.console.dll, DotnetTestHostmanager.IsWinOnArm: Is Windows on ARM 'False'
TpTrace Verbose: 0 : 29300, 5, 2023/08/08, 18:08:33.849, 1814844127624, vstest.console.dll, DotnetTestHostManager: testhost.exe found at path: C:\Users\Adi\source\repos\JobFinder\JobFinder.Tests\bin\Debug\fine-code-coverage-net6.0\testhost.exe
TpTrace Verbose: 0 : 29300, 5, 2023/08/08, 18:08:33.849, 1814844127879, vstest.console.dll, DotnetTestHostmanager: Full path of host exe is C:\Users\Adi\source\repos\JobFinder\JobFinder.Tests\bin\Debug\fine-code-coverage-net6.0\testhost.exe
TpTrace Verbose: 0 : 29300, 5, 2023/08/08, 18:08:33.850, 1814844128635, vstest.console.dll, DotnetTestHostmanager.LaunchTestHostAsync: Found 'VSTEST_WINAPPHOST_DOTNET_ROOT' in env variables, value 'C:\Program Files\dotnet', forwarding to 'DOTNET_ROOT'
TpTrace Verbose: 0 : 29300, 7, 2023/08/08, 18:08:33.850, 1814844134345, vstest.console.dll, DotnetTestHostManager: Starting process 'C:\Users\Adi\source\repos\JobFinder\JobFinder.Tests\bin\Debug\fine-code-coverage-net6.0\testhost.exe' with command line ' --runtimeconfig "C:\Users\Adi\source\repos\JobFinder\JobFinder.Tests\bin\Debug\fine-code-coverage-net6.0\JobFinder.Tests.runtimeconfig.json" --depsfile "C:\Users\Adi\source\repos\JobFinder\JobFinder.Tests\bin\Debug\fine-code-coverage-net6.0\JobFinder.Tests.deps.json" --port 52341 --endpoint 127.0.0.1:052341 --role client --parentprocessid 29300 --diag "C:\Users\Adi\source\repos\JobFinder\JobFinder.Tests\bin\Debug\net6.0\fine-code-coverage\coverage-tool-output\diagnostics.host.23-08-08_18-08-33_84936_5.log" --tracelevel 4 --datacollectionport 52340 --telemetryoptedin false'
TpTrace Verbose: 0 : 29300, 7, 2023/08/08, 18:08:33.855, 1814844183134, vstest.console.dll, MulticastDelegateUtilities.SafeInvoke: HostProviderEvents.OnHostLaunched: Invoking callback 1/2 for Microsoft.VisualStudio.TestPlatform.CrossPlatEngine.Client.ProxyExecutionManagerWithDataCollection.TestHostLaunchedHandler, took 0 ms.
TpTrace Verbose: 0 : 29300, 7, 2023/08/08, 18:08:33.855, 1814844184007, vstest.console.dll, Test Runtime launched
TpTrace Verbose: 0 : 29300, 7, 2023/08/08, 18:08:33.855, 1814844184318, vstest.console.dll, MulticastDelegateUtilities.SafeInvoke: HostProviderEvents.OnHostLaunched: Invoking callback 2/2 for Microsoft.VisualStudio.TestPlatform.CrossPlatEngine.Client.ProxyOperationManager.TestHostManagerHostLaunched, took 0 ms.
TpTrace Verbose: 0 : 29300, 5, 2023/08/08, 18:08:33.856, 1814844188866, vstest.console.dll, TestRequestSender.WaitForRequestHandlerConnection: waiting for connection with timeout: 90000.
TpTrace Verbose: 0 : 29300, 5, 2023/08/08, 18:08:33.955, 1814845186874, vstest.console.dll, TestRequestSender.WaitForRequestHandlerConnection: waiting took 99 ms, with timeout 90000 ms, and result 0, which is success.
TpTrace Verbose: 0 : 29300, 7, 2023/08/08, 18:08:33.955, 1814845186875, vstest.console.dll, MulticastDelegateUtilities.SafeInvoke: SocketServer: ClientConnected: Invoking callback 1/1 for Microsoft.VisualStudio.TestPlatform.CommunicationUtilities.TestRequestSender.<InitializeCommunication>b__23_0, took 0 ms.
TpTrace Verbose: 0 : 29300, 7, 2023/08/08, 18:08:33.956, 1814845188495, vstest.console.dll, SocketServer.OnClientConnected: Client connected for endPoint: 127.0.0.1:52341, starting MessageLoopAsync:
TpTrace Verbose: 0 : 29300, 14, 2023/08/08, 18:08:33.956, 1814845190009, vstest.console.dll, TcpClientExtensions.MessageLoopAsync: Polling on remoteEndPoint: 127.0.0.1:52342 localEndPoint: 127.0.0.1:52341
TpTrace Verbose: 0 : 29300, 5, 2023/08/08, 18:08:33.956, 1814845194645, vstest.console.dll, TestRequestSender.CheckVersionWithTestHost: Sending check version message: {"MessageType":"ProtocolVersion","Payload":6}
TpTrace Verbose: 0 : 29300, 14, 2023/08/08, 18:08:34.059, 1814846219512, vstest.console.dll, TcpClientExtensions.MessageLoopAsync: NotifyDataAvailable remoteEndPoint: 127.0.0.1:52342 localEndPoint: 127.0.0.1:52341
TpTrace Verbose: 0 : 29300, 14, 2023/08/08, 18:08:34.059, 1814846222028, vstest.console.dll, TestRequestSender.CheckVersionWithTestHost: onMessageReceived received message: (ProtocolVersion) -> 5
TpTrace Verbose: 0 : 29300, 14, 2023/08/08, 18:08:34.059, 1814846224820, vstest.console.dll, MulticastDelegateUtilities.SafeInvoke: LengthPrefixCommunicationChannel: MessageReceived: Invoking callback 1/1 for Microsoft.VisualStudio.TestPlatform.CommunicationUtilities.TestRequestSender+<>c__DisplayClass25_0.<CheckVersionWithTestHost>b__0, took 0 ms.
TpTrace Verbose: 0 : 29300, 14, 2023/08/08, 18:08:34.059, 1814846225372, vstest.console.dll, TcpClientExtensions.MessageLoopAsync: Polling on remoteEndPoint: 127.0.0.1:52342 localEndPoint: 127.0.0.1:52341
TpTrace Verbose: 0 : 29300, 5, 2023/08/08, 18:08:34.059, 1814846225647, vstest.console.dll, TestPluginCache.GetExtensionPaths: Filtered extension paths: 
TpTrace Verbose: 0 : 29300, 5, 2023/08/08, 18:08:34.059, 1814846226606, vstest.console.dll, TestPluginCache.GetExtensionPaths: Added default extension paths: C:\Program Files\dotnet\sdk\6.0.301\Extensions\DumpMinitool.exe
C:\Program Files\dotnet\sdk\6.0.301\Extensions\DumpMinitool.x86.exe
C:\Program Files\dotnet\sdk\6.0.301\Extensions\Microsoft.Diagnostics.NETCore.Client.dll
C:\Program Files\dotnet\sdk\6.0.301\Extensions\Microsoft.TestPlatform.Extensions.BlameDataCollector.dll
C:\Program Files\dotnet\sdk\6.0.301\Extensions\Microsoft.TestPlatform.Extensions.EventLogCollector.dll
C:\Program Files\dotnet\sdk\6.0.301\Extensions\Microsoft.TestPlatform.TestHostRuntimeProvider.dll
C:\Program Files\dotnet\sdk\6.0.301\Extensions\Microsoft.VisualStudio.TestPlatform.Extensions.Html.TestLogger.dll
C:\Program Files\dotnet\sdk\6.0.301\Extensions\Microsoft.VisualStudio.TestPlatform.Extensions.Trx.TestLogger.dll
TpTrace Verbose: 0 : 29300, 5, 2023/08/08, 18:08:34.059, 1814846226823, vstest.console.dll, TestPluginCache.GetExtensionPaths: Added unfilterableExtensionPaths: 
TpTrace Verbose: 0 : 29300, 5, 2023/08/08, 18:08:34.062, 1814846248953, vstest.console.dll, TestRequestSender.InitializeExecution: Sending initialize execution with message: {"Version":5,"MessageType":"TestExecution.Initialize","Payload":["C:\\Users\\Adi\\source\\repos\\JobFinder\\JobFinder.Tests\\bin\\Debug\\fine-code-coverage-net6.0\\NUnit3.TestAdapter.dll"]}
TpTrace Warning: 0 : 29300, 5, 2023/08/08, 18:08:34.062, 1814846251411, vstest.console.dll, InferRunSettingsHelper.MakeRunsettingsCompatible: Removing the following settings: TargetPlatform from RunSettings file. To use those settings please move to latest version of Microsoft.NET.Test.Sdk
TpTrace Verbose: 0 : 29300, 14, 2023/08/08, 18:08:34.065, 1814846282911, vstest.console.dll, TcpClientExtensions.MessageLoopAsync: NotifyDataAvailable remoteEndPoint: 127.0.0.1:52342 localEndPoint: 127.0.0.1:52341
TpTrace Verbose: 0 : 29300, 14, 2023/08/08, 18:08:34.065, 1814846284155, vstest.console.dll, TestRequestSender.OnExecutionMessageReceived: Received message: {"Version":5,"MessageType":"TestSession.Message","Payload":{"MessageLevel":0,"Message":"Logging TestHost Diagnostics in file: C:\\Users\\Adi\\source\\repos\\JobFinder\\JobFinder.Tests\\bin\\Debug\\net6.0\\fine-code-coverage\\coverage-tool-output\\diagnostics.host.23-08-08_18-08-33_84936_5.log"}}
TpTrace Verbose: 0 : 29300, 14, 2023/08/08, 18:08:34.066, 1814846297954, vstest.console.dll, TestRunRequest:SendTestRunMessage: Starting.
TpTrace Verbose: 0 : 29300, 14, 2023/08/08, 18:08:34.067, 1814846298631, vstest.console.dll, MulticastDelegateUtilities.SafeInvoke: TestRun.LogMessages: Invoking callback 1/1 for Microsoft.VisualStudio.TestPlatform.CommandLine.TestRunResultAggregator.TestRunMessageHandler, took 0 ms.
TpTrace Information: 0 : 29300, 14, 2023/08/08, 18:08:34.067, 1814846298828, vstest.console.dll, TestRunRequest:SendTestRunMessage: Completed.
TpTrace Verbose: 0 : 29300, 4, 2023/08/08, 18:08:34.067, 1814846298931, vstest.console.dll, MulticastDelegateUtilities.SafeInvoke: InternalTestLoggerEvents.SendTestRunMessage: Invoking callback 1/1 for Microsoft.VisualStudio.TestPlatform.CommandLine.Internal.ConsoleLogger.TestMessageHandler, took 0 ms.
TpTrace Verbose: 0 : 29300, 14, 2023/08/08, 18:08:34.067, 1814846299077, vstest.console.dll, MulticastDelegateUtilities.SafeInvoke: LengthPrefixCommunicationChannel: MessageReceived: Invoking callback 1/1 for Microsoft.VisualStudio.TestPlatform.CommunicationUtilities.TestRequestSender+<>c__DisplayClass30_0.<StartTestRun>b__1, took 1 ms.
TpTrace Verbose: 0 : 29300, 14, 2023/08/08, 18:08:34.067, 1814846300164, vstest.console.dll, TcpClientExtensions.MessageLoopAsync: Polling on remoteEndPoint: 127.0.0.1:52342 localEndPoint: 127.0.0.1:52341
TpTrace Verbose: 0 : 29300, 5, 2023/08/08, 18:08:34.067, 1814846303455, vstest.console.dll, TestRequestSender.StartTestRun: Sending test run with message: {"Version":5,"MessageType":"TestExecution.StartWithSources","Payload":{"AdapterSourceMap":{"_none_":["C:\\Users\\Adi\\source\\repos\\JobFinder\\JobFinder.Tests\\bin\\Debug\\fine-code-coverage-net6.0\\JobFinder.Tests.dll"]},"RunSettings":"<RunSettings>\r\n  <RunConfiguration>\r\n    <ResultsDirectory>C:\\Users\\Adi\\source\\repos\\JobFinder\\JobFinder.Tests\\bin\\Debug\\net6.0\\fine-code-coverage\\coverage-tool-output</ResultsDirectory>\r\n    <TargetFrameworkVersion>.NETCoreApp,Version=v6.0</TargetFrameworkVersion>\r\n    <DesignMode>False</DesignMode>\r\n    <CollectSourceInformation>False</CollectSourceInformation>\r\n  </RunConfiguration>\r\n  <LoggerRunSettings>\r\n    <Loggers>\r\n      <Logger friendlyName=\"blame\" enabled=\"True\" />\r\n      <Logger friendlyName=\"Console\" uri=\"logger://microsoft/TestPlatform/ConsoleLogger/v1\" assemblyQualifiedName=\"Microsoft.VisualStudio.TestPlatform.CommandLine.Internal.ConsoleLogger, vstest.console, Version=15.0.0.0, Culture=neutral, PublicKeyToken=b03f5f7f11d50a3a\" codeBase=\"C:\\Program Files\\dotnet\\sdk\\6.0.301\\vstest.console.dll\" enabled=\"True\" />\r\n    </Loggers>\r\n  </LoggerRunSettings>\r\n  <DataCollectionRunSettings>\r\n    <DataCollectors>\r\n      <DataCollector friendlyName=\"blame\" enabled=\"True\">\r\n        <Configuration>\r\n          <ResultsDirectory>C:\\Users\\Adi\\source\\repos\\JobFinder\\JobFinder.Tests\\bin\\Debug\\net6.0\\fine-code-coverage\\coverage-tool-output</ResultsDirectory>\r\n        </Configuration>\r\n      </DataCollector>\r\n    </DataCollectors>\r\n  </DataCollectionRunSettings>\r\n</RunSettings>","TestExecutionContext":{"FrequencyOfRunStatsChangeEvent":10,"RunStatsChangeEventTimeout":"00:00:01.5000000","InIsolation":false,"KeepAlive":false,"AreTestCaseLevelEventsRequired":false,"IsDebug":false,"TestCaseFilter":null,"FilterOptions":null},"Package":null}}
TpTrace Verbose: 0 : 29300, 14, 2023/08/08, 18:08:34.178, 1814847411603, vstest.console.dll, TcpClientExtensions.MessageLoopAsync: NotifyDataAvailable remoteEndPoint: 127.0.0.1:52342 localEndPoint: 127.0.0.1:52341
TpTrace Verbose: 0 : 29300, 14, 2023/08/08, 18:08:34.178, 1814847412787, vstest.console.dll, TestRequestSender.OnExecutionMessageReceived: Received message: {"Version":5,"MessageType":"TestSession.Message","Payload":{"MessageLevel":0,"Message":"NUnit Adapter 4.2.0.0: Test execution started"}}
TpTrace Verbose: 0 : 29300, 14, 2023/08/08, 18:08:34.178, 1814847414253, vstest.console.dll, TestRunRequest:SendTestRunMessage: Starting.
TpTrace Verbose: 0 : 29300, 14, 2023/08/08, 18:08:34.178, 1814847414641, vstest.console.dll, MulticastDelegateUtilities.SafeInvoke: TestRun.LogMessages: Invoking callback 1/1 for Microsoft.VisualStudio.TestPlatform.CommandLine.TestRunResultAggregator.TestRunMessageHandler, took 0 ms.
TpTrace Information: 0 : 29300, 14, 2023/08/08, 18:08:34.178, 1814847414812, vstest.console.dll, TestRunRequest:SendTestRunMessage: Completed.
TpTrace Verbose: 0 : 29300, 4, 2023/08/08, 18:08:34.178, 1814847414803, vstest.console.dll, MulticastDelegateUtilities.SafeInvoke: InternalTestLoggerEvents.SendTestRunMessage: Invoking callback 1/1 for Microsoft.VisualStudio.TestPlatform.CommandLine.Internal.ConsoleLogger.TestMessageHandler, took 0 ms.
TpTrace Verbose: 0 : 29300, 14, 2023/08/08, 18:08:34.178, 1814847414994, vstest.console.dll, MulticastDelegateUtilities.SafeInvoke: LengthPrefixCommunicationChannel: MessageReceived: Invoking callback 1/1 for Microsoft.VisualStudio.TestPlatform.CommunicationUtilities.TestRequestSender+<>c__DisplayClass30_0.<StartTestRun>b__1, took 0 ms.
TpTrace Verbose: 0 : 29300, 14, 2023/08/08, 18:08:34.178, 1814847415541, vstest.console.dll, TcpClientExtensions.MessageLoopAsync: Polling on remoteEndPoint: 127.0.0.1:52342 localEndPoint: 127.0.0.1:52341
TpTrace Verbose: 0 : 29300, 14, 2023/08/08, 18:08:34.200, 1814847628538, vstest.console.dll, TcpClientExtensions.MessageLoopAsync: NotifyDataAvailable remoteEndPoint: 127.0.0.1:52342 localEndPoint: 127.0.0.1:52341
TpTrace Verbose: 0 : 29300, 14, 2023/08/08, 18:08:34.200, 1814847629453, vstest.console.dll, TestRequestSender.OnExecutionMessageReceived: Received message: {"Version":5,"MessageType":"TestSession.Message","Payload":{"MessageLevel":0,"Message":"Running all tests in C:\\Users\\Adi\\source\\repos\\JobFinder\\JobFinder.Tests\\bin\\Debug\\fine-code-coverage-net6.0\\JobFinder.Tests.dll"}}
TpTrace Verbose: 0 : 29300, 14, 2023/08/08, 18:08:34.200, 1814847630648, vstest.console.dll, TestRunRequest:SendTestRunMessage: Starting.
TpTrace Verbose: 0 : 29300, 14, 2023/08/08, 18:08:34.200, 1814847631040, vstest.console.dll, MulticastDelegateUtilities.SafeInvoke: TestRun.LogMessages: Invoking callback 1/1 for Microsoft.VisualStudio.TestPlatform.CommandLine.TestRunResultAggregator.TestRunMessageHandler, took 0 ms.
TpTrace Information: 0 : 29300, 14, 2023/08/08, 18:08:34.200, 1814847631213, vstest.console.dll, TestRunRequest:SendTestRunMessage: Completed.
TpTrace Verbose: 0 : 29300, 4, 2023/08/08, 18:08:34.200, 1814847631199, vstest.console.dll, MulticastDelegateUtilities.SafeInvoke: InternalTestLoggerEvents.SendTestRunMessage: Invoking callback 1/1 for Microsoft.VisualStudio.TestPlatform.CommandLine.Internal.ConsoleLogger.TestMessageHandler, took 0 ms.
TpTrace Verbose: 0 : 29300, 14, 2023/08/08, 18:08:34.200, 1814847632193, vstest.console.dll, MulticastDelegateUtilities.SafeInvoke: LengthPrefixCommunicationChannel: MessageReceived: Invoking callback 1/1 for Microsoft.VisualStudio.TestPlatform.CommunicationUtilities.TestRequestSender+<>c__DisplayClass30_0.<StartTestRun>b__1, took 0 ms.
TpTrace Verbose: 0 : 29300, 14, 2023/08/08, 18:08:34.200, 1814847633012, vstest.console.dll, TcpClientExtensions.MessageLoopAsync: Polling on remoteEndPoint: 127.0.0.1:52342 localEndPoint: 127.0.0.1:52341
TpTrace Verbose: 0 : 29300, 14, 2023/08/08, 18:08:34.296, 1814848593771, vstest.console.dll, TcpClientExtensions.MessageLoopAsync: NotifyDataAvailable remoteEndPoint: 127.0.0.1:52342 localEndPoint: 127.0.0.1:52341
TpTrace Verbose: 0 : 29300, 14, 2023/08/08, 18:08:34.296, 1814848594909, vstest.console.dll, TestRequestSender.OnExecutionMessageReceived: Received message: {"Version":5,"MessageType":"TestSession.Message","Payload":{"MessageLevel":0,"Message":"   NUnit3TestExecutor discovered 26 of 26 NUnit test cases using Current Discovery mode, Non-Explicit run"}}
TpTrace Verbose: 0 : 29300, 14, 2023/08/08, 18:08:34.296, 1814848596540, vstest.console.dll, TestRunRequest:SendTestRunMessage: Starting.
TpTrace Verbose: 0 : 29300, 14, 2023/08/08, 18:08:34.296, 1814848596996, vstest.console.dll, MulticastDelegateUtilities.SafeInvoke: TestRun.LogMessages: Invoking callback 1/1 for Microsoft.VisualStudio.TestPlatform.CommandLine.TestRunResultAggregator.TestRunMessageHandler, took 0 ms.
TpTrace Information: 0 : 29300, 14, 2023/08/08, 18:08:34.296, 1814848597186, vstest.console.dll, TestRunRequest:SendTestRunMessage: Completed.
TpTrace Verbose: 0 : 29300, 4, 2023/08/08, 18:08:34.296, 1814848597228, vstest.console.dll, MulticastDelegateUtilities.SafeInvoke: InternalTestLoggerEvents.SendTestRunMessage: Invoking callback 1/1 for Microsoft.VisualStudio.TestPlatform.CommandLine.Internal.ConsoleLogger.TestMessageHandler, took 0 ms.
TpTrace Verbose: 0 : 29300, 14, 2023/08/08, 18:08:34.296, 1814848597768, vstest.console.dll, MulticastDelegateUtilities.SafeInvoke: LengthPrefixCommunicationChannel: MessageReceived: Invoking callback 1/1 for Microsoft.VisualStudio.TestPlatform.CommunicationUtilities.TestRequestSender+<>c__DisplayClass30_0.<StartTestRun>b__1, took 0 ms.
TpTrace Verbose: 0 : 29300, 14, 2023/08/08, 18:08:34.296, 1814848598025, vstest.console.dll, TcpClientExtensions.MessageLoopAsync: Polling on remoteEndPoint: 127.0.0.1:52342 localEndPoint: 127.0.0.1:52341
TpTrace Verbose: 0 : 29300, 14, 2023/08/08, 18:08:35.298, 1814858612365, vstest.console.dll, TcpClientExtensions.MessageLoopAsync: Polling on remoteEndPoint: 127.0.0.1:52342 localEndPoint: 127.0.0.1:52341
TpTrace Verbose: 0 : 29300, 14, 2023/08/08, 18:08:35.325, 1814858885568, vstest.console.dll, TcpClientExtensions.MessageLoopAsync: NotifyDataAvailable remoteEndPoint: 127.0.0.1:52342 localEndPoint: 127.0.0.1:52341
TpTrace Verbose: 0 : 29300, 14, 2023/08/08, 18:08:35.325, 1814858887821, vstest.console.dll, TestRequestSender.OnExecutionMessageReceived: Received message: {"Version":5,"MessageType":"TestExecution.StatsChange","Payload":{"NewTestResults":[{"TestCase":{"Id":"2e44fcdd-2ea8-e394-ef03-9929cdde6ed7","FullyQualifiedName":"JobFinder.Tests.Services.InterviewServiceTest.Test_Interview_DeleteInterview_Negative","DisplayName":"Test_Interview_DeleteInterview_Negative","ExecutorUri":"executor://NUnit3TestExecutor","Source":"C:\\Users\\Adi\\source\\repos\\JobFinder\\JobFinder.Tests\\bin\\Debug\\fine-code-coverage-net6.0\\JobFinder.Tests.dll","CodeFilePath":null,"LineNumber":0,"Properties":[{"Key":{"Id":"NUnit.Seed","Label":"Seed","Category":"","Description":"","Attributes":0,"ValueType":"System.String"},"Value":"514713605"}]},"Attachments":[],"Outcome":1,"ErrorMessage":null,"ErrorStackTrace":null,"DisplayName":"Test_Interview_DeleteInterview_Negative","Messages":[],"ComputerName":"ADI","Duration":"00:00:00.8069040","StartTime":"2023-08-08T15:08:34.3163214+00:00","EndTime":"2023-08-08T15:08:35.1231762+00:00","Properties":[{"Key":{"Id":"NUnit.Seed","Label":"Seed","Category":"","Description":"","Attributes":0,"ValueType":"System.String"},"Value":"514713605"}]},{"TestCase":{"Id":"ac837c9a-a690-cc44-6615-dac033371986","FullyQualifiedName":"JobFinder.Tests.Services.InterviewServiceTest.Test_Interview_DeleteInterview_Positive","DisplayName":"Test_Interview_DeleteInterview_Positive","ExecutorUri":"executor://NUnit3TestExecutor","Source":"C:\\Users\\Adi\\source\\repos\\JobFinder\\JobFinder.Tests\\bin\\Debug\\fine-code-coverage-net6.0\\JobFinder.Tests.dll","CodeFilePath":null,"LineNumber":0,"Properties":[{"Key":{"Id":"NUnit.Seed","Label":"Seed","Category":"","Description":"","Attributes":0,"ValueType":"System.String"},"Value":"1621351512"}]},"Attachments":[],"Outcome":1,"ErrorMessage":null,"ErrorStackTrace":null,"DisplayName":"Test_Interview_DeleteInterview_Positive","Messages":[],"ComputerName":"ADI","Duration":"00:00:00.0392670","StartTime":"2023-08-08T15:08:35.1246678+00:00","EndTime":"2023-08-08T15:08:35.1639346+00:00","Properties":[{"Key":{"Id":"NUnit.Seed","Label":"Seed","Category":"","Description":"","Attributes":0,"ValueType":"System.String"},"Value":"1621351512"}]},{"TestCase":{"Id":"40e4f613-b447-1686-60bb-e2bea79b3787","FullyQualifiedName":"JobFinder.Tests.Services.InterviewServiceTest.Test_Interview_ScheduleInterview_Negative","DisplayName":"Test_Interview_ScheduleInterview_Negative","ExecutorUri":"executor://NUnit3TestExecutor","Source":"C:\\Users\\Adi\\source\\repos\\JobFinder\\JobFinder.Tests\\bin\\Debug\\fine-code-coverage-net6.0\\JobFinder.Tests.dll","CodeFilePath":null,"LineNumber":0,"Properties":[{"Key":{"Id":"NUnit.Seed","Label":"Seed","Category":"","Description":"","Attributes":0,"ValueType":"System.String"},"Value":"820471213"}]},"Attachments":[],"Outcome":1,"ErrorMessage":null,"ErrorStackTrace":null,"DisplayName":"Test_Interview_ScheduleInterview_Negative","Messages":[],"ComputerName":"ADI","Duration":"00:00:00.0472060","StartTime":"2023-08-08T15:08:35.1639695+00:00","EndTime":"2023-08-08T15:08:35.2111748+00:00","Properties":[{"Key":{"Id":"NUnit.Seed","Label":"Seed","Category":"","Description":"","Attributes":0,"ValueType":"System.String"},"Value":"820471213"}]},{"TestCase":{"Id":"6a2cf0bb-3f74-2495-c5ae-64e25ccbcf85","FullyQualifiedName":"JobFinder.Tests.Services.InterviewServiceTest.Test_Interview_ScheduleInterview_Positive","DisplayName":"Test_Interview_ScheduleInterview_Positive","ExecutorUri":"executor://NUnit3TestExecutor","Source":"C:\\Users\\Adi\\source\\repos\\JobFinder\\JobFinder.Tests\\bin\\Debug\\fine-code-coverage-net6.0\\JobFinder.Tests.dll","CodeFilePath":null,"LineNumber":0,"Properties":[{"Key":{"Id":"NUnit.Seed","Label":"Seed","Category":"","Description":"","Attributes":0,"ValueType":"System.String"},"Value":"754207585"}]},"Attachments":[],"Outcome":1,"ErrorMessage":null,"ErrorStackTrace":null,"DisplayName":"Test_Interview_ScheduleInterview_Positive","Messages":[],"ComputerName":"ADI","Duration":"00:00:00.0172700","StartTime":"2023-08-08T15:08:35.2111969+00:00","EndTime":"2023-08-08T15:08:35.2284663+00:00","Properties":[{"Key":{"Id":"NUnit.Seed","Label":"Seed","Category":"","Description":"","Attributes":0,"ValueType":"System.String"},"Value":"754207585"}]},{"TestCase":{"Id":"9d919a81-13ab-f5ae-ea70-fca591555832","FullyQualifiedName":"JobFinder.Tests.Services.JobListingServiceTests.Test_JobListing_ApplyForJob_Negative","DisplayName":"Test_JobListing_ApplyForJob_Negative","ExecutorUri":"executor://NUnit3TestExecutor","Source":"C:\\Users\\Adi\\source\\repos\\JobFinder\\JobFinder.Tests\\bin\\Debug\\fine-code-coverage-net6.0\\JobFinder.Tests.dll","CodeFilePath":null,"LineNumber":0,"Properties":[{"Key":{"Id":"NUnit.Seed","Label":"Seed","Category":"","Description":"","Attributes":0,"ValueType":"System.String"},"Value":"2025821827"}]},"Attachments":[],"Outcome":1,"ErrorMessage":null,"ErrorStackTrace":null,"DisplayName":"Test_JobListing_ApplyForJob_Negative","Messages":[],"ComputerName":"ADI","Duration":"00:00:00.0101040","StartTime":"2023-08-08T15:08:35.2301723+00:00","EndTime":"2023-08-08T15:08:35.2402758+00:00","Properties":[{"Key":{"Id":"NUnit.Seed","Label":"Seed","Category":"","Description":"","Attributes":0,"ValueType":"System.String"},"Value":"2025821827"}]},{"TestCase":{"Id":"92203fc1-2821-d3df-30d6-9f66e0bf26bd","FullyQualifiedName":"JobFinder.Tests.Services.JobListingServiceTests.Test_JobListing_ApplyForJob_Possitive","DisplayName":"Test_JobListing_ApplyForJob_Possitive","ExecutorUri":"executor://NUnit3TestExecutor","Source":"C:\\Users\\Adi\\source\\repos\\JobFinder\\JobFinder.Tests\\bin\\Debug\\fine-code-coverage-net6.0\\JobFinder.Tests.dll","CodeFilePath":null,"LineNumber":0,"Properties":[{"Key":{"Id":"NUnit.Seed","Label":"Seed","Category":"","Description":"","Attributes":0,"ValueType":"System.String"},"Value":"2027082917"}]},"Attachments":[],"Outcome":1,"ErrorMessage":null,"ErrorStackTrace":null,"DisplayName":"Test_JobListing_ApplyForJob_Possitive","Messages":[],"ComputerName":"ADI","Duration":"00:00:00.0033410","StartTime":"2023-08-08T15:08:35.2402965+00:00","EndTime":"2023-08-08T15:08:35.243637+00:00","Properties":[{"Key":{"Id":"NUnit.Seed","Label":"Seed","Category":"","Description":"","Attributes":0,"ValueType":"System.String"},"Value":"2027082917"}]},{"TestCase":{"Id":"bea4847f-4717-5008-309d-3d188e5536a2","FullyQualifiedName":"JobFinder.Tests.Services.JobListingServiceTests.Test_JobListing_CreateAsync_Negative","DisplayName":"Test_JobListing_CreateAsync_Negative","ExecutorUri":"executor://NUnit3TestExecutor","Source":"C:\\Users\\Adi\\source\\repos\\JobFinder\\JobFinder.Tests\\bin\\Debug\\fine-code-coverage-net6.0\\JobFinder.Tests.dll","CodeFilePath":null,"LineNumber":0,"Properties":[{"Key":{"Id":"NUnit.Seed","Label":"Seed","Category":"","Description":"","Attributes":0,"ValueType":"System.String"},"Value":"1962912122"}]},"Attachments":[],"Outcome":1,"ErrorMessage":null,"ErrorStackTrace":null,"DisplayName":"Test_JobListing_CreateAsync_Negative","Messages":[],"ComputerName":"ADI","Duration":"00:00:00.0379400","StartTime":"2023-08-08T15:08:35.2436543+00:00","EndTime":"2023-08-08T15:08:35.2815937+00:00","Properties":[{"Key":{"Id":"NUnit.Seed","Label":"Seed","Category":"","Description":"","Attributes":0,"ValueType":"System.String"},"Value":"1962912122"}]},{"TestCase":{"Id":"730b981e-0f8c-62e3-b1ba-1a522e8f6a60","FullyQualifiedName":"JobFinder.Tests.Services.JobListingServiceTests.Test_JobListing_CreateAsync_Positive","DisplayName":"Test_JobListing_CreateAsync_Positive","ExecutorUri":"executor://NUnit3TestExecutor","Source":"C:\\Users\\Adi\\source\\repos\\JobFinder\\JobFinder.Tests\\bin\\Debug\\fine-code-coverage-net6.0\\JobFinder.Tests.dll","CodeFilePath":null,"LineNumber":0,"Properties":[{"Key":{"Id":"NUnit.Seed","Label":"Seed","Category":"","Description":"","Attributes":0,"ValueType":"System.String"},"Value":"309713753"}]},"Attachments":[],"Outcome":1,"ErrorMessage":null,"ErrorStackTrace":null,"DisplayName":"Test_JobListing_CreateAsync_Positive","Messages":[],"ComputerName":"ADI","Duration":"00:00:00.0023530","StartTime":"2023-08-08T15:08:35.2816195+00:00","EndTime":"2023-08-08T15:08:35.2839725+00:00","Properties":[{"Key":{"Id":"NUnit.Seed","Label":"Seed","Category":"","Description":"","Attributes":0,"ValueType":"System.String"},"Value":"309713753"}]},{"TestCase":{"Id":"5569c191-f267-c4ba-8466-69f377dd7af8","FullyQualifiedName":"JobFinder.Tests.Services.JobListingServiceTests.Test_JobListing_Delete_Negative","DisplayName":"Test_JobListing_Delete_Negative","ExecutorUri":"executor://NUnit3TestExecutor","Source":"C:\\Users\\Adi\\source\\repos\\JobFinder\\JobFinder.Tests\\bin\\Debug\\fine-code-coverage-net6.0\\JobFinder.Tests.dll","CodeFilePath":null,"LineNumber":0,"Properties":[{"Key":{"Id":"NUnit.Seed","Label":"Seed","Category":"","Description":"","Attributes":0,"ValueType":"System.String"},"Value":"84758102"}]},"Attachments":[],"Outcome":1,"ErrorMessage":null,"ErrorStackTrace":null,"DisplayName":"Test_JobListing_Delete_Negative","Messages":[],"ComputerName":"ADI","Duration":"00:00:00.0216370","StartTime":"2023-08-08T15:08:35.2839936+00:00","EndTime":"2023-08-08T15:08:35.3056303+00:00","Properties":[{"Key":{"Id":"NUnit.Seed","Label":"Seed","Category":"","Description":"","Attributes":0,"ValueType":"System.String"},"Value":"84758102"}]}],"TestRunStatistics":{"ExecutedTests":9,"Stats":{"Passed":9}},"ActiveTests":[{"Id":"d5d388bb-c690-98c4-2ecf-243409e3ca49","FullyQualifiedName":"JobFinder.Tests.Services.JobListingServiceTests.Test_JobListing_Delete_Positive","DisplayName":"Test_JobListing_Delete_Positive","ExecutorUri":"executor://NUnit3TestExecutor","Source":"C:\\Users\\Adi\\source\\repos\\JobFinder\\JobFinder.Tests\\bin\\Debug\\fine-code-coverage-net6.0\\JobFinder.Tests.dll","CodeFilePath":null,"LineNumber":0,"Properties":[{"Key":{"Id":"NUnit.Seed","Label":"Seed","Category":"","Description":"","Attributes":0,"ValueType":"System.String"},"Value":"166084149"}]}]}}
TpTrace Verbose: 0 : 29300, 14, 2023/08/08, 18:08:35.354, 1814859168626, vstest.console.dll, TestRunRequest:SendTestRunStatsChange: Starting.
TpTrace Verbose: 0 : 29300, 14, 2023/08/08, 18:08:35.354, 1814859170078, vstest.console.dll, InProgress is Test_JobListing_Delete_Positive
TpTrace Verbose: 0 : 29300, 14, 2023/08/08, 18:08:35.354, 1814859171939, vstest.console.dll, MulticastDelegateUtilities.SafeInvoke: TestRun.RunStatsChanged: Invoking callbacks was skipped because there are no subscribers.
TpTrace Information: 0 : 29300, 14, 2023/08/08, 18:08:35.354, 1814859172357, vstest.console.dll, TestRunRequest:SendTestRunStatsChange: Completed.
TpTrace Verbose: 0 : 29300, 14, 2023/08/08, 18:08:35.354, 1814859172723, vstest.console.dll, MulticastDelegateUtilities.SafeInvoke: LengthPrefixCommunicationChannel: MessageReceived: Invoking callback 1/1 for Microsoft.VisualStudio.TestPlatform.CommunicationUtilities.TestRequestSender+<>c__DisplayClass30_0.<StartTestRun>b__1, took 28 ms.
TpTrace Verbose: 0 : 29300, 14, 2023/08/08, 18:08:35.354, 1814859173060, vstest.console.dll, TcpClientExtensions.MessageLoopAsync: Polling on remoteEndPoint: 127.0.0.1:52342 localEndPoint: 127.0.0.1:52341
TpTrace Verbose: 0 : 29300, 4, 2023/08/08, 18:08:35.356, 1814859194818, vstest.console.dll, MulticastDelegateUtilities.SafeInvoke: InternalTestLoggerEvents.SendTestResult: Invoking callback 1/1 for Microsoft.VisualStudio.TestPlatform.CommandLine.Internal.ConsoleLogger.TestResultHandler, took 2 ms.
TpTrace Verbose: 0 : 29300, 4, 2023/08/08, 18:08:35.356, 1814859195400, vstest.console.dll, MulticastDelegateUtilities.SafeInvoke: InternalTestLoggerEvents.SendTestResult: Invoking callback 1/1 for Microsoft.VisualStudio.TestPlatform.CommandLine.Internal.ConsoleLogger.TestResultHandler, took 0 ms.
TpTrace Verbose: 0 : 29300, 4, 2023/08/08, 18:08:35.356, 1814859195706, vstest.console.dll, MulticastDelegateUtilities.SafeInvoke: InternalTestLoggerEvents.SendTestResult: Invoking callback 1/1 for Microsoft.VisualStudio.TestPlatform.CommandLine.Internal.ConsoleLogger.TestResultHandler, took 0 ms.
TpTrace Verbose: 0 : 29300, 4, 2023/08/08, 18:08:35.356, 1814859195935, vstest.console.dll, MulticastDelegateUtilities.SafeInvoke: InternalTestLoggerEvents.SendTestResult: Invoking callback 1/1 for Microsoft.VisualStudio.TestPlatform.CommandLine.Internal.ConsoleLogger.TestResultHandler, took 0 ms.
TpTrace Verbose: 0 : 29300, 4, 2023/08/08, 18:08:35.356, 1814859196229, vstest.console.dll, MulticastDelegateUtilities.SafeInvoke: InternalTestLoggerEvents.SendTestResult: Invoking callback 1/1 for Microsoft.VisualStudio.TestPlatform.CommandLine.Internal.ConsoleLogger.TestResultHandler, took 0 ms.
TpTrace Verbose: 0 : 29300, 4, 2023/08/08, 18:08:35.356, 1814859196529, vstest.console.dll, MulticastDelegateUtilities.SafeInvoke: InternalTestLoggerEvents.SendTestResult: Invoking callback 1/1 for Microsoft.VisualStudio.TestPlatform.CommandLine.Internal.ConsoleLogger.TestResultHandler, took 0 ms.
TpTrace Verbose: 0 : 29300, 4, 2023/08/08, 18:08:35.356, 1814859196763, vstest.console.dll, MulticastDelegateUtilities.SafeInvoke: InternalTestLoggerEvents.SendTestResult: Invoking callback 1/1 for Microsoft.VisualStudio.TestPlatform.CommandLine.Internal.ConsoleLogger.TestResultHandler, took 0 ms.
TpTrace Verbose: 0 : 29300, 4, 2023/08/08, 18:08:35.356, 1814859197050, vstest.console.dll, MulticastDelegateUtilities.SafeInvoke: InternalTestLoggerEvents.SendTestResult: Invoking callback 1/1 for Microsoft.VisualStudio.TestPlatform.CommandLine.Internal.ConsoleLogger.TestResultHandler, took 0 ms.
TpTrace Verbose: 0 : 29300, 4, 2023/08/08, 18:08:35.356, 1814859197280, vstest.console.dll, MulticastDelegateUtilities.SafeInvoke: InternalTestLoggerEvents.SendTestResult: Invoking callback 1/1 for Microsoft.VisualStudio.TestPlatform.CommandLine.Internal.ConsoleLogger.TestResultHandler, took 0 ms.
TpTrace Verbose: 0 : 29300, 14, 2023/08/08, 18:08:35.392, 1814859554569, vstest.console.dll, TcpClientExtensions.MessageLoopAsync: NotifyDataAvailable remoteEndPoint: 127.0.0.1:52342 localEndPoint: 127.0.0.1:52341
TpTrace Verbose: 0 : 29300, 14, 2023/08/08, 18:08:35.392, 1814859556306, vstest.console.dll, TestRequestSender.OnExecutionMessageReceived: Received message: {"Version":5,"MessageType":"TestExecution.StatsChange","Payload":{"NewTestResults":[{"TestCase":{"Id":"d5d388bb-c690-98c4-2ecf-243409e3ca49","FullyQualifiedName":"JobFinder.Tests.Services.JobListingServiceTests.Test_JobListing_Delete_Positive","DisplayName":"Test_JobListing_Delete_Positive","ExecutorUri":"executor://NUnit3TestExecutor","Source":"C:\\Users\\Adi\\source\\repos\\JobFinder\\JobFinder.Tests\\bin\\Debug\\fine-code-coverage-net6.0\\JobFinder.Tests.dll","CodeFilePath":null,"LineNumber":0,"Properties":[{"Key":{"Id":"NUnit.Seed","Label":"Seed","Category":"","Description":"","Attributes":0,"ValueType":"System.String"},"Value":"166084149"}]},"Attachments":[],"Outcome":1,"ErrorMessage":null,"ErrorStackTrace":null,"DisplayName":"Test_JobListing_Delete_Positive","Messages":[],"ComputerName":"ADI","Duration":"00:00:00.0055080","StartTime":"2023-08-08T15:08:35.305654+00:00","EndTime":"2023-08-08T15:08:35.3111616+00:00","Properties":[{"Key":{"Id":"NUnit.Seed","Label":"Seed","Category":"","Description":"","Attributes":0,"ValueType":"System.String"},"Value":"166084149"}]},{"TestCase":{"Id":"cd78c5ec-a74f-38d2-7423-cfff0bb53e3f","FullyQualifiedName":"JobFinder.Tests.Services.JobListingServiceTests.Test_JobListing_EditAsync_Negative","DisplayName":"Test_JobListing_EditAsync_Negative","ExecutorUri":"executor://NUnit3TestExecutor","Source":"C:\\Users\\Adi\\source\\repos\\JobFinder\\JobFinder.Tests\\bin\\Debug\\fine-code-coverage-net6.0\\JobFinder.Tests.dll","CodeFilePath":null,"LineNumber":0,"Properties":[{"Key":{"Id":"NUnit.Seed","Label":"Seed","Category":"","Description":"","Attributes":0,"ValueType":"System.String"},"Value":"920166435"}]},"Attachments":[],"Outcome":1,"ErrorMessage":null,"ErrorStackTrace":null,"DisplayName":"Test_JobListing_EditAsync_Negative","Messages":[],"ComputerName":"ADI","Duration":"00:00:00.0017430","StartTime":"2023-08-08T15:08:35.3111746+00:00","EndTime":"2023-08-08T15:08:35.3129171+00:00","Properties":[{"Key":{"Id":"NUnit.Seed","Label":"Seed","Category":"","Description":"","Attributes":0,"ValueType":"System.String"},"Value":"920166435"}]},{"TestCase":{"Id":"a544519c-d02c-171c-c264-eb733389c72b","FullyQualifiedName":"JobFinder.Tests.Services.JobListingServiceTests.Test_JobListing_EditAsync_Positive","DisplayName":"Test_JobListing_EditAsync_Positive","ExecutorUri":"executor://NUnit3TestExecutor","Source":"C:\\Users\\Adi\\source\\repos\\JobFinder\\JobFinder.Tests\\bin\\Debug\\fine-code-coverage-net6.0\\JobFinder.Tests.dll","CodeFilePath":null,"LineNumber":0,"Properties":[{"Key":{"Id":"NUnit.Seed","Label":"Seed","Category":"","Description":"","Attributes":0,"ValueType":"System.String"},"Value":"1522322624"}]},"Attachments":[],"Outcome":1,"ErrorMessage":null,"ErrorStackTrace":null,"DisplayName":"Test_JobListing_EditAsync_Positive","Messages":[],"ComputerName":"ADI","Duration":"00:00:00.0087070","StartTime":"2023-08-08T15:08:35.312926+00:00","EndTime":"2023-08-08T15:08:35.3216329+00:00","Properties":[{"Key":{"Id":"NUnit.Seed","Label":"Seed","Category":"","Description":"","Attributes":0,"ValueType":"System.String"},"Value":"1522322624"}]},{"TestCase":{"Id":"a9cfbd2e-804e-47a0-7f63-6b19ab059f6f","FullyQualifiedName":"JobFinder.Tests.Services.JobListingServiceTests.Test_JobListing_FindByIdAsync","DisplayName":"Test_JobListing_FindByIdAsync","ExecutorUri":"executor://NUnit3TestExecutor","Source":"C:\\Users\\Adi\\source\\repos\\JobFinder\\JobFinder.Tests\\bin\\Debug\\fine-code-coverage-net6.0\\JobFinder.Tests.dll","CodeFilePath":null,"LineNumber":0,"Properties":[{"Key":{"Id":"NUnit.Seed","Label":"Seed","Category":"","Description":"","Attributes":0,"ValueType":"System.String"},"Value":"2038192115"}]},"Attachments":[],"Outcome":1,"ErrorMessage":null,"ErrorStackTrace":null,"DisplayName":"Test_JobListing_FindByIdAsync","Messages":[],"ComputerName":"ADI","Duration":"00:00:00.0026710","StartTime":"2023-08-08T15:08:35.3216494+00:00","EndTime":"2023-08-08T15:08:35.32432+00:00","Properties":[{"Key":{"Id":"NUnit.Seed","Label":"Seed","Category":"","Description":"","Attributes":0,"ValueType":"System.String"},"Value":"2038192115"}]},{"TestCase":{"Id":"280a6cfa-4221-6408-af21-74ab8241fa44","FullyQualifiedName":"JobFinder.Tests.Services.JobListingServiceTests.Test_JobListing_GetJobCategoriesAsync","DisplayName":"Test_JobListing_GetJobCategoriesAsync","ExecutorUri":"executor://NUnit3TestExecutor","Source":"C:\\Users\\Adi\\source\\repos\\JobFinder\\JobFinder.Tests\\bin\\Debug\\fine-code-coverage-net6.0\\JobFinder.Tests.dll","CodeFilePath":null,"LineNumber":0,"Properties":[{"Key":{"Id":"NUnit.Seed","Label":"Seed","Category":"","Description":"","Attributes":0,"ValueType":"System.String"},"Value":"1128737713"}]},"Attachments":[],"Outcome":1,"ErrorMessage":null,"ErrorStackTrace":null,"DisplayName":"Test_JobListing_GetJobCategoriesAsync","Messages":[],"ComputerName":"ADI","Duration":"00:00:00.0062140","StartTime":"2023-08-08T15:08:35.3243291+00:00","EndTime":"2023-08-08T15:08:35.3305429+00:00","Properties":[{"Key":{"Id":"NUnit.Seed","Label":"Seed","Category":"","Description":"","Attributes":0,"ValueType":"System.String"},"Value":"1128737713"}]},{"TestCase":{"Id":"3f601430-3094-f1c3-b1d3-23af53168f99","FullyQualifiedName":"JobFinder.Tests.Services.JobListingServiceTests.Test_JobListing_GetSchedulesAsync","DisplayName":"Test_JobListing_GetSchedulesAsync","ExecutorUri":"executor://NUnit3TestExecutor","Source":"C:\\Users\\Adi\\source\\repos\\JobFinder\\JobFinder.Tests\\bin\\Debug\\fine-code-coverage-net6.0\\JobFinder.Tests.dll","CodeFilePath":null,"LineNumber":0,"Properties":[{"Key":{"Id":"NUnit.Seed","Label":"Seed","Category":"","Description":"","Attributes":0,"ValueType":"System.String"},"Value":"1480958612"}]},"Attachments":[],"Outcome":1,"ErrorMessage":null,"ErrorStackTrace":null,"DisplayName":"Test_JobListing_GetSchedulesAsync","Messages":[],"ComputerName":"ADI","Duration":"00:00:00.0079160","StartTime":"2023-08-08T15:08:35.3305632+00:00","EndTime":"2023-08-08T15:08:35.3384792+00:00","Properties":[{"Key":{"Id":"NUnit.Seed","Label":"Seed","Category":"","Description":"","Attributes":0,"ValueType":"System.String"},"Value":"1480958612"}]},{"TestCase":{"Id":"004e0dea-3548-bd65-7dc4-4c94cc85fbcf","FullyQualifiedName":"JobFinder.Tests.Services.JobListingServiceTests.Test_JobListing_SearcForJob","DisplayName":"Test_JobListing_SearcForJob","ExecutorUri":"executor://NUnit3TestExecutor","Source":"C:\\Users\\Adi\\source\\repos\\JobFinder\\JobFinder.Tests\\bin\\Debug\\fine-code-coverage-net6.0\\JobFinder.Tests.dll","CodeFilePath":null,"LineNumber":0,"Properties":[{"Key":{"Id":"NUnit.Seed","Label":"Seed","Category":"","Description":"","Attributes":0,"ValueType":"System.String"},"Value":"188591568"}]},"Attachments":[],"Outcome":1,"ErrorMessage":null,"ErrorStackTrace":null,"DisplayName":"Test_JobListing_SearcForJob","Messages":[],"ComputerName":"ADI","Duration":"00:00:00.0255690","StartTime":"2023-08-08T15:08:35.3385013+00:00","EndTime":"2023-08-08T15:08:35.3640701+00:00","Properties":[{"Key":{"Id":"NUnit.Seed","Label":"Seed","Category":"","Description":"","Attributes":0,"ValueType":"System.String"},"Value":"188591568"}]},{"TestCase":{"Id":"26f0efbb-75e7-d098-8a63-d0424e38f0d5","FullyQualifiedName":"JobFinder.Tests.Services.UserServiceTest.Test_User_UserInterviews","DisplayName":"Test_User_UserInterviews","ExecutorUri":"executor://NUnit3TestExecutor","Source":"C:\\Users\\Adi\\source\\repos\\JobFinder\\JobFinder.Tests\\bin\\Debug\\fine-code-coverage-net6.0\\JobFinder.Tests.dll","CodeFilePath":null,"LineNumber":0,"Properties":[{"Key":{"Id":"NUnit.Seed","Label":"Seed","Category":"","Description":"","Attributes":0,"ValueType":"System.String"},"Value":"2085117963"}]},"Attachments":[],"Outcome":1,"ErrorMessage":null,"ErrorStackTrace":null,"DisplayName":"Test_User_UserInterviews","Messages":[],"ComputerName":"ADI","Duration":"00:00:00.0107850","StartTime":"2023-08-08T15:08:35.3642809+00:00","EndTime":"2023-08-08T15:08:35.3750659+00:00","Properties":[{"Key":{"Id":"NUnit.Seed","Label":"Seed","Category":"","Description":"","Attributes":0,"ValueType":"System.String"},"Value":"2085117963"}]},{"TestCase":{"Id":"7adc7b55-2f62-b384-e9f2-3a07aa921155","FullyQualifiedName":"JobFinder.Tests.Tests.Test_Company_Add","DisplayName":"Test_Company_Add","ExecutorUri":"executor://NUnit3TestExecutor","Source":"C:\\Users\\Adi\\source\\repos\\JobFinder\\JobFinder.Tests\\bin\\Debug\\fine-code-coverage-net6.0\\JobFinder.Tests.dll","CodeFilePath":null,"LineNumber":0,"Properties":[{"Key":{"Id":"NUnit.Seed","Label":"Seed","Category":"","Description":"","Attributes":0,"ValueType":"System.String"},"Value":"1625122959"}]},"Attachments":[],"Outcome":1,"ErrorMessage":null,"ErrorStackTrace":null,"DisplayName":"Test_Company_Add","Messages":[],"ComputerName":"ADI","Duration":"00:00:00.0152950","StartTime":"2023-08-08T15:08:35.3752681+00:00","EndTime":"2023-08-08T15:08:35.3905632+00:00","Properties":[{"Key":{"Id":"NUnit.Seed","Label":"Seed","Category":"","Description":"","Attributes":0,"ValueType":"System.String"},"Value":"1625122959"}]}],"TestRunStatistics":{"ExecutedTests":18,"Stats":{"Passed":18}},"ActiveTests":[{"Id":"a984b97e-490e-d0bb-a927-c54eed2de7d3","FullyQualifiedName":"JobFinder.Tests.Tests.Test_Company_Company_Interviews","DisplayName":"Test_Company_Company_Interviews","ExecutorUri":"executor://NUnit3TestExecutor","Source":"C:\\Users\\Adi\\source\\repos\\JobFinder\\JobFinder.Tests\\bin\\Debug\\fine-code-coverage-net6.0\\JobFinder.Tests.dll","CodeFilePath":null,"LineNumber":0,"Properties":[{"Key":{"Id":"NUnit.Seed","Label":"Seed","Category":"","Description":"","Attributes":0,"ValueType":"System.String"},"Value":"1072687923"}]}]}}
TpTrace Verbose: 0 : 29300, 14, 2023/08/08, 18:08:35.396, 1814859596349, vstest.console.dll, TestRunRequest:SendTestRunStatsChange: Starting.
TpTrace Verbose: 0 : 29300, 14, 2023/08/08, 18:08:35.396, 1814859597239, vstest.console.dll, InProgress is Test_Company_Company_Interviews
TpTrace Verbose: 0 : 29300, 14, 2023/08/08, 18:08:35.396, 1814859598009, vstest.console.dll, MulticastDelegateUtilities.SafeInvoke: TestRun.RunStatsChanged: Invoking callbacks was skipped because there are no subscribers.
TpTrace Information: 0 : 29300, 14, 2023/08/08, 18:08:35.397, 1814859598257, vstest.console.dll, TestRunRequest:SendTestRunStatsChange: Completed.
TpTrace Verbose: 0 : 29300, 4, 2023/08/08, 18:08:35.397, 1814859598354, vstest.console.dll, MulticastDelegateUtilities.SafeInvoke: InternalTestLoggerEvents.SendTestResult: Invoking callback 1/1 for Microsoft.VisualStudio.TestPlatform.CommandLine.Internal.ConsoleLogger.TestResultHandler, took 0 ms.
TpTrace Verbose: 0 : 29300, 14, 2023/08/08, 18:08:35.397, 1814859598532, vstest.console.dll, MulticastDelegateUtilities.SafeInvoke: LengthPrefixCommunicationChannel: MessageReceived: Invoking callback 1/1 for Microsoft.VisualStudio.TestPlatform.CommunicationUtilities.TestRequestSender+<>c__DisplayClass30_0.<StartTestRun>b__1, took 4 ms.
TpTrace Verbose: 0 : 29300, 4, 2023/08/08, 18:08:35.397, 1814859599300, vstest.console.dll, MulticastDelegateUtilities.SafeInvoke: InternalTestLoggerEvents.SendTestResult: Invoking callback 1/1 for Microsoft.VisualStudio.TestPlatform.CommandLine.Internal.ConsoleLogger.TestResultHandler, took 0 ms.
TpTrace Verbose: 0 : 29300, 14, 2023/08/08, 18:08:35.397, 1814859599660, vstest.console.dll, TcpClientExtensions.MessageLoopAsync: Polling on remoteEndPoint: 127.0.0.1:52342 localEndPoint: 127.0.0.1:52341
TpTrace Verbose: 0 : 29300, 4, 2023/08/08, 18:08:35.398, 1814859616259, vstest.console.dll, MulticastDelegateUtilities.SafeInvoke: InternalTestLoggerEvents.SendTestResult: Invoking callback 1/1 for Microsoft.VisualStudio.TestPlatform.CommandLine.Internal.ConsoleLogger.TestResultHandler, took 1 ms.
TpTrace Verbose: 0 : 29300, 4, 2023/08/08, 18:08:35.398, 1814859617034, vstest.console.dll, MulticastDelegateUtilities.SafeInvoke: InternalTestLoggerEvents.SendTestResult: Invoking callback 1/1 for Microsoft.VisualStudio.TestPlatform.CommandLine.Internal.ConsoleLogger.TestResultHandler, took 0 ms.
TpTrace Verbose: 0 : 29300, 4, 2023/08/08, 18:08:35.398, 1814859617352, vstest.console.dll, MulticastDelegateUtilities.SafeInvoke: InternalTestLoggerEvents.SendTestResult: Invoking callback 1/1 for Microsoft.VisualStudio.TestPlatform.CommandLine.Internal.ConsoleLogger.TestResultHandler, took 0 ms.
TpTrace Verbose: 0 : 29300, 4, 2023/08/08, 18:08:35.398, 1814859617670, vstest.console.dll, MulticastDelegateUtilities.SafeInvoke: InternalTestLoggerEvents.SendTestResult: Invoking callback 1/1 for Microsoft.VisualStudio.TestPlatform.CommandLine.Internal.ConsoleLogger.TestResultHandler, took 0 ms.
TpTrace Verbose: 0 : 29300, 4, 2023/08/08, 18:08:35.399, 1814859618360, vstest.console.dll, MulticastDelegateUtilities.SafeInvoke: InternalTestLoggerEvents.SendTestResult: Invoking callback 1/1 for Microsoft.VisualStudio.TestPlatform.CommandLine.Internal.ConsoleLogger.TestResultHandler, took 0 ms.
TpTrace Verbose: 0 : 29300, 4, 2023/08/08, 18:08:35.399, 1814859618656, vstest.console.dll, MulticastDelegateUtilities.SafeInvoke: InternalTestLoggerEvents.SendTestResult: Invoking callback 1/1 for Microsoft.VisualStudio.TestPlatform.CommandLine.Internal.ConsoleLogger.TestResultHandler, took 0 ms.
TpTrace Verbose: 0 : 29300, 4, 2023/08/08, 18:08:35.399, 1814859618930, vstest.console.dll, MulticastDelegateUtilities.SafeInvoke: InternalTestLoggerEvents.SendTestResult: Invoking callback 1/1 for Microsoft.VisualStudio.TestPlatform.CommandLine.Internal.ConsoleLogger.TestResultHandler, took 0 ms.
TpTrace Verbose: 0 : 29300, 14, 2023/08/08, 18:08:35.498, 1814860617695, vstest.console.dll, TcpClientExtensions.MessageLoopAsync: NotifyDataAvailable remoteEndPoint: 127.0.0.1:52342 localEndPoint: 127.0.0.1:52341
TpTrace Verbose: 0 : 29300, 14, 2023/08/08, 18:08:35.499, 1814860618717, vstest.console.dll, TestRequestSender.OnExecutionMessageReceived: Received message: {"Version":5,"MessageType":"TestSession.Message","Payload":{"MessageLevel":0,"Message":"NUnit Adapter 4.2.0.0: Test execution complete"}}
TpTrace Verbose: 0 : 29300, 14, 2023/08/08, 18:08:35.499, 1814860620075, vstest.console.dll, TestRunRequest:SendTestRunMessage: Starting.
TpTrace Verbose: 0 : 29300, 14, 2023/08/08, 18:08:35.499, 1814860620499, vstest.console.dll, MulticastDelegateUtilities.SafeInvoke: TestRun.LogMessages: Invoking callback 1/1 for Microsoft.VisualStudio.TestPlatform.CommandLine.TestRunResultAggregator.TestRunMessageHandler, took 0 ms.
TpTrace Information: 0 : 29300, 14, 2023/08/08, 18:08:35.499, 1814860620706, vstest.console.dll, TestRunRequest:SendTestRunMessage: Completed.
TpTrace Verbose: 0 : 29300, 14, 2023/08/08, 18:08:35.499, 1814860620884, vstest.console.dll, MulticastDelegateUtilities.SafeInvoke: LengthPrefixCommunicationChannel: MessageReceived: Invoking callback 1/1 for Microsoft.VisualStudio.TestPlatform.CommunicationUtilities.TestRequestSender+<>c__DisplayClass30_0.<StartTestRun>b__1, took 0 ms.
TpTrace Verbose: 0 : 29300, 14, 2023/08/08, 18:08:35.499, 1814860621109, vstest.console.dll, TcpClientExtensions.MessageLoopAsync: Polling on remoteEndPoint: 127.0.0.1:52342 localEndPoint: 127.0.0.1:52341
TpTrace Verbose: 0 : 29300, 4, 2023/08/08, 18:08:35.499, 1814860621089, vstest.console.dll, MulticastDelegateUtilities.SafeInvoke: InternalTestLoggerEvents.SendTestRunMessage: Invoking callback 1/1 for Microsoft.VisualStudio.TestPlatform.CommandLine.Internal.ConsoleLogger.TestMessageHandler, took 0 ms.
TpTrace Verbose: 0 : 29300, 14, 2023/08/08, 18:08:35.509, 1814860725154, vstest.console.dll, TcpClientExtensions.MessageLoopAsync: NotifyDataAvailable remoteEndPoint: 127.0.0.1:52342 localEndPoint: 127.0.0.1:52341
TpTrace Verbose: 0 : 29300, 14, 2023/08/08, 18:08:35.509, 1814860726708, vstest.console.dll, TestRequestSender.OnExecutionMessageReceived: Received message: {"Version":5,"MessageType":"TestExecution.Completed","Payload":{"TestRunCompleteArgs":{"TestRunStatistics":{"ExecutedTests":26,"Stats":{"Passed":26}},"IsCanceled":false,"IsAborted":false,"Error":null,"AttachmentSets":[],"ElapsedTimeInRunningTests":"00:00:01.3367967","Metrics":{}},"LastRunTests":{"NewTestResults":[{"TestCase":{"Id":"a984b97e-490e-d0bb-a927-c54eed2de7d3","FullyQualifiedName":"JobFinder.Tests.Tests.Test_Company_Company_Interviews","DisplayName":"Test_Company_Company_Interviews","ExecutorUri":"executor://NUnit3TestExecutor","Source":"C:\\Users\\Adi\\source\\repos\\JobFinder\\JobFinder.Tests\\bin\\Debug\\fine-code-coverage-net6.0\\JobFinder.Tests.dll","CodeFilePath":null,"LineNumber":0,"Properties":[{"Key":{"Id":"NUnit.Seed","Label":"Seed","Category":"","Description":"","Attributes":0,"ValueType":"System.String"},"Value":"1072687923"}]},"Attachments":[],"Outcome":1,"ErrorMessage":null,"ErrorStackTrace":null,"DisplayName":"Test_Company_Company_Interviews","Messages":[],"ComputerName":"ADI","Duration":"00:00:00.0145300","StartTime":"2023-08-08T15:08:35.390586+00:00","EndTime":"2023-08-08T15:08:35.4051153+00:00","Properties":[{"Key":{"Id":"NUnit.Seed","Label":"Seed","Category":"","Description":"","Attributes":0,"ValueType":"System.String"},"Value":"1072687923"}]},{"TestCase":{"Id":"866f7017-972a-9fe4-0521-5ca96a635ed4","FullyQualifiedName":"JobFinder.Tests.Tests.Test_Company_CompanyJobListings","DisplayName":"Test_Company_CompanyJobListings","ExecutorUri":"executor://NUnit3TestExecutor","Source":"C:\\Users\\Adi\\source\\repos\\JobFinder\\JobFinder.Tests\\bin\\Debug\\fine-code-coverage-net6.0\\JobFinder.Tests.dll","CodeFilePath":null,"LineNumber":0,"Properties":[{"Key":{"Id":"NUnit.Seed","Label":"Seed","Category":"","Description":"","Attributes":0,"ValueType":"System.String"},"Value":"272112836"}]},"Attachments":[],"Outcome":1,"ErrorMessage":null,"ErrorStackTrace":null,"DisplayName":"Test_Company_CompanyJobListings","Messages":[],"ComputerName":"ADI","Duration":"00:00:00.0175260","StartTime":"2023-08-08T15:08:35.4051394+00:00","EndTime":"2023-08-08T15:08:35.4226654+00:00","Properties":[{"Key":{"Id":"NUnit.Seed","Label":"Seed","Category":"","Description":"","Attributes":0,"ValueType":"System.String"},"Value":"272112836"}]},{"TestCase":{"Id":"fe09877e-980a-c01d-316d-5952587c3733","FullyQualifiedName":"JobFinder.Tests.Tests.Test_Company_Delete","DisplayName":"Test_Company_Delete","ExecutorUri":"executor://NUnit3TestExecutor","Source":"C:\\Users\\Adi\\source\\repos\\JobFinder\\JobFinder.Tests\\bin\\Debug\\fine-code-coverage-net6.0\\JobFinder.Tests.dll","CodeFilePath":null,"LineNumber":0,"Properties":[{"Key":{"Id":"NUnit.Seed","Label":"Seed","Category":"","Description":"","Attributes":0,"ValueType":"System.String"},"Value":"30613714"}]},"Attachments":[],"Outcome":1,"ErrorMessage":null,"ErrorStackTrace":null,"DisplayName":"Test_Company_Delete","Messages":[],"ComputerName":"ADI","Duration":"00:00:00.0036980","StartTime":"2023-08-08T15:08:35.4226885+00:00","EndTime":"2023-08-08T15:08:35.4263864+00:00","Properties":[{"Key":{"Id":"NUnit.Seed","Label":"Seed","Category":"","Description":"","Attributes":0,"ValueType":"System.String"},"Value":"30613714"}]},{"TestCase":{"Id":"18aeef3c-9e18-0289-0182-975edcb4bdec","FullyQualifiedName":"JobFinder.Tests.Tests.Test_Company_Edit","DisplayName":"Test_Company_Edit","ExecutorUri":"executor://NUnit3TestExecutor","Source":"C:\\Users\\Adi\\source\\repos\\JobFinder\\JobFinder.Tests\\bin\\Debug\\fine-code-coverage-net6.0\\JobFinder.Tests.dll","CodeFilePath":null,"LineNumber":0,"Properties":[{"Key":{"Id":"NUnit.Seed","Label":"Seed","Category":"","Description":"","Attributes":0,"ValueType":"System.String"},"Value":"79147507"}]},"Attachments":[],"Outcome":1,"ErrorMessage":null,"ErrorStackTrace":null,"DisplayName":"Test_Company_Edit","Messages":[],"ComputerName":"ADI","Duration":"00:00:00.0013750","StartTime":"2023-08-08T15:08:35.4264071+00:00","EndTime":"2023-08-08T15:08:35.4277821+00:00","Properties":[{"Key":{"Id":"NUnit.Seed","Label":"Seed","Category":"","Description":"","Attributes":0,"ValueType":"System.String"},"Value":"79147507"}]},{"TestCase":{"Id":"c9923a38-9eff-dd5a-aa26-a1a2bb12e438","FullyQualifiedName":"JobFinder.Tests.Tests.Test_Company_GetCompany_By_Id","DisplayName":"Test_Company_GetCompany_By_Id","ExecutorUri":"executor://NUnit3TestExecutor","Source":"C:\\Users\\Adi\\source\\repos\\JobFinder\\JobFinder.Tests\\bin\\Debug\\fine-code-coverage-net6.0\\JobFinder.Tests.dll","CodeFilePath":null,"LineNumber":0,"Properties":[{"Key":{"Id":"NUnit.Seed","Label":"Seed","Category":"","Description":"","Attributes":0,"ValueType":"System.String"},"Value":"1345993630"}]},"Attachments":[],"Outcome":1,"ErrorMessage":null,"ErrorStackTrace":null,"DisplayName":"Test_Company_GetCompany_By_Id","Messages":[],"ComputerName":"ADI","Duration":"00:00:00.0008410","StartTime":"2023-08-08T15:08:35.4277909+00:00","EndTime":"2023-08-08T15:08:35.4286321+00:00","Properties":[{"Key":{"Id":"NUnit.Seed","Label":"Seed","Category":"","Description":"","Attributes":0,"ValueType":"System.String"},"Value":"1345993630"}]},{"TestCase":{"Id":"b1371e2e-b502-626b-b3c4-999eef36a678","FullyQualifiedName":"JobFinder.Tests.Tests.Test_Company_GetCompany_By_UserId","DisplayName":"Test_Company_GetCompany_By_UserId","ExecutorUri":"executor://NUnit3TestExecutor","Source":"C:\\Users\\Adi\\source\\repos\\JobFinder\\JobFinder.Tests\\bin\\Debug\\fine-code-coverage-net6.0\\JobFinder.Tests.dll","CodeFilePath":null,"LineNumber":0,"Properties":[{"Key":{"Id":"NUnit.Seed","Label":"Seed","Category":"","Description":"","Attributes":0,"ValueType":"System.String"},"Value":"1522393479"}]},"Attachments":[],"Outcome":1,"ErrorMessage":null,"ErrorStackTrace":null,"DisplayName":"Test_Company_GetCompany_By_UserId","Messages":[],"ComputerName":"ADI","Duration":"00:00:00.0008060","StartTime":"2023-08-08T15:08:35.4286401+00:00","EndTime":"2023-08-08T15:08:35.4294459+00:00","Properties":[{"Key":{"Id":"NUnit.Seed","Label":"Seed","Category":"","Description":"","Attributes":0,"ValueType":"System.String"},"Value":"1522393479"}]},{"TestCase":{"Id":"d1ed4e3f-11ca-eddb-050d-ca4c7bdb7894","FullyQualifiedName":"JobFinder.Tests.Tests.Test_Company_GetCompanyPictures","DisplayName":"Test_Company_GetCompanyPictures","ExecutorUri":"executor://NUnit3TestExecutor","Source":"C:\\Users\\Adi\\source\\repos\\JobFinder\\JobFinder.Tests\\bin\\Debug\\fine-code-coverage-net6.0\\JobFinder.Tests.dll","CodeFilePath":null,"LineNumber":0,"Properties":[{"Key":{"Id":"NUnit.Seed","Label":"Seed","Category":"","Description":"","Attributes":0,"ValueType":"System.String"},"Value":"2038430224"}]},"Attachments":[],"Outcome":1,"ErrorMessage":null,"ErrorStackTrace":null,"DisplayName":"Test_Company_GetCompanyPictures","Messages":[],"ComputerName":"ADI","Duration":"00:00:00.0607030","StartTime":"2023-08-08T15:08:35.4294539+00:00","EndTime":"2023-08-08T15:08:35.4901564+00:00","Properties":[{"Key":{"Id":"NUnit.Seed","Label":"Seed","Category":"","Description":"","Attributes":0,"ValueType":"System.String"},"Value":"2038430224"}]},{"TestCase":{"Id":"f0a672d6-0ea8-20e4-8d48-d8c2fe30a831","FullyQualifiedName":"JobFinder.Tests.Tests.Test_Company_SearchForCompanies","DisplayName":"Test_Company_SearchForCompanies","ExecutorUri":"executor://NUnit3TestExecutor","Source":"C:\\Users\\Adi\\source\\repos\\JobFinder\\JobFinder.Tests\\bin\\Debug\\fine-code-coverage-net6.0\\JobFinder.Tests.dll","CodeFilePath":null,"LineNumber":0,"Properties":[{"Key":{"Id":"NUnit.Seed","Label":"Seed","Category":"","Description":"","Attributes":0,"ValueType":"System.String"},"Value":"399389780"}]},"Attachments":[],"Outcome":1,"ErrorMessage":null,"ErrorStackTrace":null,"DisplayName":"Test_Company_SearchForCompanies","Messages":[],"ComputerName":"ADI","Duration":"00:00:00.0040500","StartTime":"2023-08-08T15:08:35.4901874+00:00","EndTime":"2023-08-08T15:08:35.4942375+00:00","Properties":[{"Key":{"Id":"NUnit.Seed","Label":"Seed","Category":"","Description":"","Attributes":0,"ValueType":"System.String"},"Value":"399389780"}]}],"TestRunStatistics":{"ExecutedTests":26,"Stats":{"Passed":26}},"ActiveTests":[]},"RunAttachments":[],"ExecutorUris":["executor://nunit3testexecutor/"]}}
TpTrace Verbose: 0 : 29300, 14, 2023/08/08, 18:08:35.510, 1814860732096, vstest.console.dll, TestRequestSender.EndSession: Sending end session.
TpTrace Verbose: 0 : 29300, 14, 2023/08/08, 18:08:35.510, 1814860733072, vstest.console.dll, ProxyOperationManager.Close: waiting for test host to exit for 100 ms
TpTrace Warning: 0 : 29300, 13, 2023/08/08, 18:08:35.529, 1814860918182, vstest.console.dll, TestHostManagerCallbacks.ErrorReceivedCallback Test host standard error line: 
TpTrace Verbose: 0 : 29300, 13, 2023/08/08, 18:08:35.543, 1814861063425, vstest.console.dll, TestHostProvider.ExitCallBack: Host exited starting callback.
TpTrace Information: 0 : 29300, 13, 2023/08/08, 18:08:35.543, 1814861067497, vstest.console.dll, TestHostManagerCallbacks.ExitCallBack: Testhost processId: 11912 exited with exitcode: 0 error: ''
TpTrace Verbose: 0 : 29300, 13, 2023/08/08, 18:08:35.543, 1814861067925, vstest.console.dll, DotnetTestHostManager.OnHostExited: invoking OnHostExited callback
TpTrace Verbose: 0 : 29300, 13, 2023/08/08, 18:08:35.544, 1814861068483, vstest.console.dll, CrossPlatEngine.TestHostManagerHostExited: calling on client process exit callback.
TpTrace Information: 0 : 29300, 13, 2023/08/08, 18:08:35.544, 1814861068896, vstest.console.dll, TestRequestSender.OnClientProcessExit: Test host process exited. Standard error: 
TpTrace Information: 0 : 29300, 13, 2023/08/08, 18:08:35.544, 1814861069188, vstest.console.dll, SocketServer.Stop: Stop server endPoint: 127.0.0.1:52341
TpTrace Information: 0 : 29300, 13, 2023/08/08, 18:08:35.544, 1814861069376, vstest.console.dll, SocketServer.Stop: Cancellation requested. Stopping message loop.
TpTrace Information: 0 : 29300, 14, 2023/08/08, 18:08:35.544, 1814861069416, vstest.console.dll, SocketServer.Stop: Stop server endPoint: 127.0.0.1:52341
TpTrace Information: 0 : 29300, 14, 2023/08/08, 18:08:35.544, 1814861070143, vstest.console.dll, SocketServer.Stop: Cancellation requested. Stopping message loop.
TpTrace Verbose: 0 : 29300, 13, 2023/08/08, 18:08:35.544, 1814861070105, vstest.console.dll, MulticastDelegateUtilities.SafeInvoke: HostProviderEvents.OnHostExited: Invoking callback 1/1 for Microsoft.VisualStudio.TestPlatform.CrossPlatEngine.Client.ProxyOperationManager.TestHostManagerHostExited, took 0 ms.
TpTrace Information: 0 : 29300, 14, 2023/08/08, 18:08:35.544, 1814861070767, vstest.console.dll, Closing the connection
TpTrace Verbose: 0 : 29300, 14, 2023/08/08, 18:08:35.545, 1814861078528, vstest.console.dll, ProxyDataCollectionManager.InvokeDataCollectionServiceAction: Starting.
TpTrace Information: 0 : 29300, 14, 2023/08/08, 18:08:35.545, 1814861079041, vstest.console.dll, ProxyDataCollectionManager.AfterTestRunEnd: Get attachment set and invoked data collectors processId: 26320 port: 52338
TpTrace Verbose: 0 : 29300, 14, 2023/08/08, 18:08:35.545, 1814861079434, vstest.console.dll, DataCollectionRequestSender.SendAfterTestRunStartAndGetResult: Send AfterTestRunEnd message with isCancelled: False
TpTrace Verbose: 0 : 29300, 14, 2023/08/08, 18:08:35.549, 1814861120927, vstest.console.dll, DataCollectionRequestSender.SendAfterTestRunStartAndGetResult: Received message: (DataCollection.AfterTestRunEndResult) -> {
  "AttachmentSets": [],
  "InvokedDataCollectors": [
    {
      "Uri": "datacollector://Microsoft/TestPlatform/Extensions/Blame/v1",
      "FriendlyName": "Blame",
      "AssemblyQualifiedName": "Microsoft.TestPlatform.Extensions.BlameDataCollector.BlameCollector, Microsoft.TestPlatform.Extensions.BlameDataCollector, Version=15.0.0.0, Culture=neutral, PublicKeyToken=b03f5f7f11d50a3a",
      "FilePath": "C:\\Program Files\\dotnet\\sdk\\6.0.301\\Extensions\\Microsoft.TestPlatform.Extensions.BlameDataCollector.dll",
      "HasAttachmentProcessor": false
    }
  ],
  "Metrics": {}
}
TpTrace Warning: 0 : 29300, 10, 2023/08/08, 18:08:35.555, 1814861182367, vstest.console.dll, DataCollectionLauncher.ErrorReceivedCallback datacollector standard error line: 
TpTrace Information: 0 : 29300, 10, 2023/08/08, 18:08:35.557, 1814861202078, vstest.console.dll, DataCollectionLauncher.ExitCallBack: Data collector exited with exitcode: 0 error: ''
TpTrace Information: 0 : 29300, 14, 2023/08/08, 18:08:35.558, 1814861215449, vstest.console.dll, ProxyDataCollectionManager.InvokeDataCollectionServiceAction: Completed.
TpTrace Verbose: 0 : 29300, 14, 2023/08/08, 18:08:35.587, 1814861501460, vstest.console.dll, TestRunRequest:SendTestRunStatsChange: Starting.
TpTrace Verbose: 0 : 29300, 14, 2023/08/08, 18:08:35.587, 1814861502557, vstest.console.dll, MulticastDelegateUtilities.SafeInvoke: TestRun.RunStatsChanged: Invoking callbacks was skipped because there are no subscribers.
TpTrace Information: 0 : 29300, 14, 2023/08/08, 18:08:35.587, 1814861502746, vstest.console.dll, TestRunRequest:SendTestRunStatsChange: Completed.
TpTrace Verbose: 0 : 29300, 4, 2023/08/08, 18:08:35.587, 1814861503751, vstest.console.dll, MulticastDelegateUtilities.SafeInvoke: InternalTestLoggerEvents.SendTestResult: Invoking callback 1/1 for Microsoft.VisualStudio.TestPlatform.CommandLine.Internal.ConsoleLogger.TestResultHandler, took 0 ms.
TpTrace Verbose: 0 : 29300, 14, 2023/08/08, 18:08:35.587, 1814861504428, vstest.console.dll, ParallelProxyExecutionManager: HandlePartialRunComplete: Total completed clients = 1, Run complete = True, Run canceled: False.
TpTrace Verbose: 0 : 29300, 4, 2023/08/08, 18:08:35.587, 1814861504623, vstest.console.dll, MulticastDelegateUtilities.SafeInvoke: InternalTestLoggerEvents.SendTestResult: Invoking callback 1/1 for Microsoft.VisualStudio.TestPlatform.CommandLine.Internal.ConsoleLogger.TestResultHandler, took 0 ms.
TpTrace Verbose: 0 : 29300, 4, 2023/08/08, 18:08:35.587, 1814861505049, vstest.console.dll, MulticastDelegateUtilities.SafeInvoke: InternalTestLoggerEvents.SendTestResult: Invoking callback 1/1 for Microsoft.VisualStudio.TestPlatform.CommandLine.Internal.ConsoleLogger.TestResultHandler, took 0 ms.
TpTrace Verbose: 0 : 29300, 4, 2023/08/08, 18:08:35.587, 1814861505338, vstest.console.dll, MulticastDelegateUtilities.SafeInvoke: InternalTestLoggerEvents.SendTestResult: Invoking callback 1/1 for Microsoft.VisualStudio.TestPlatform.CommandLine.Internal.ConsoleLogger.TestResultHandler, took 0 ms.
TpTrace Verbose: 0 : 29300, 4, 2023/08/08, 18:08:35.587, 1814861505577, vstest.console.dll, MulticastDelegateUtilities.SafeInvoke: InternalTestLoggerEvents.SendTestResult: Invoking callback 1/1 for Microsoft.VisualStudio.TestPlatform.CommandLine.Internal.ConsoleLogger.TestResultHandler, took 0 ms.
TpTrace Verbose: 0 : 29300, 4, 2023/08/08, 18:08:35.587, 1814861505816, vstest.console.dll, MulticastDelegateUtilities.SafeInvoke: InternalTestLoggerEvents.SendTestResult: Invoking callback 1/1 for Microsoft.VisualStudio.TestPlatform.CommandLine.Internal.ConsoleLogger.TestResultHandler, took 0 ms.
TpTrace Verbose: 0 : 29300, 4, 2023/08/08, 18:08:35.587, 1814861506091, vstest.console.dll, MulticastDelegateUtilities.SafeInvoke: InternalTestLoggerEvents.SendTestResult: Invoking callback 1/1 for Microsoft.VisualStudio.TestPlatform.CommandLine.Internal.ConsoleLogger.TestResultHandler, took 0 ms.
TpTrace Verbose: 0 : 29300, 4, 2023/08/08, 18:08:35.587, 1814861506350, vstest.console.dll, MulticastDelegateUtilities.SafeInvoke: InternalTestLoggerEvents.SendTestResult: Invoking callback 1/1 for Microsoft.VisualStudio.TestPlatform.CommandLine.Internal.ConsoleLogger.TestResultHandler, took 0 ms.
TpTrace Verbose: 0 : 29300, 4, 2023/08/08, 18:08:35.593, 1814861567250, vstest.console.dll, MulticastDelegateUtilities.SafeInvoke: InternalTestLoggerEvents.SendTestRunComplete: Invoking callback 1/2 for Microsoft.TestPlatform.Extensions.BlameDataCollector.BlameLogger.TestRunCompleteHandler, took 0 ms.
TpTrace Verbose: 0 : 29300, 4, 2023/08/08, 18:08:35.597, 1814861606793, vstest.console.dll, MulticastDelegateUtilities.SafeInvoke: InternalTestLoggerEvents.SendTestRunComplete: Invoking callback 2/2 for Microsoft.VisualStudio.TestPlatform.CommandLine.Internal.ConsoleLogger.TestRunCompleteHandler, took 3 ms.
TpTrace Verbose: 0 : 29300, 14, 2023/08/08, 18:08:35.598, 1814861609306, vstest.console.dll, TestRunRequest:TestRunComplete: Starting. IsAborted:False IsCanceled:False.
TpTrace Verbose: 0 : 29300, 14, 2023/08/08, 18:08:35.598, 1814861614456, vstest.console.dll, TestLoggerManager.HandleTestRunComplete: Ignoring as the object is disposed.
TpTrace Verbose: 0 : 29300, 14, 2023/08/08, 18:08:35.598, 1814861615818, vstest.console.dll, MulticastDelegateUtilities.SafeInvoke: TestRun.TestRunComplete: Invoking callback 1/2 for Microsoft.VisualStudio.TestPlatform.CommandLine.TestRunResultAggregator.TestRunCompletionHandler, took 0 ms.
TpTrace Verbose: 0 : 29300, 14, 2023/08/08, 18:08:35.598, 1814861616315, vstest.console.dll, MulticastDelegateUtilities.SafeInvoke: TestRun.TestRunComplete: Invoking callback 2/2 for Microsoft.VisualStudio.TestPlatform.CommandLine.Processors.RunTestsArgumentExecutor+TestRunRequestEventsRegistrar.TestRunRequest_OnRunCompletion, took 0 ms.
TpTrace Information: 0 : 29300, 14, 2023/08/08, 18:08:35.598, 1814861616955, vstest.console.dll, TestRunRequest:TestRunComplete: Completed.
TpTrace Verbose: 0 : 29300, 1, 2023/08/08, 18:08:35.598, 1814861617136, vstest.console.dll, TestRunRequest.Dispose: Starting.
TpTrace Verbose: 0 : 29300, 14, 2023/08/08, 18:08:35.598, 1814861617196, vstest.console.dll, TestRequestSender.SetOperationComplete: Setting operation complete.
TpTrace Information: 0 : 29300, 1, 2023/08/08, 18:08:35.598, 1814861617711, vstest.console.dll, TestRunRequest.Dispose: Completed.
TpTrace Information: 0 : 29300, 14, 2023/08/08, 18:08:35.598, 1814861617787, vstest.console.dll, SocketServer.Stop: Stop server endPoint: 127.0.0.1:52341
TpTrace Information: 0 : 29300, 1, 2023/08/08, 18:08:35.598, 1814861618085, vstest.console.dll, TestRequestManager.RunTests: run tests completed.
TpTrace Information: 0 : 29300, 14, 2023/08/08, 18:08:35.599, 1814861618134, vstest.console.dll, SocketServer.Stop: Cancellation requested. Stopping message loop.
TpTrace Verbose: 0 : 29300, 14, 2023/08/08, 18:08:35.599, 1814861618520, vstest.console.dll, MulticastDelegateUtilities.SafeInvoke: LengthPrefixCommunicationChannel: MessageReceived: Invoking callback 1/1 for Microsoft.VisualStudio.TestPlatform.CommunicationUtilities.TestRequestSender+<>c__DisplayClass30_0.<StartTestRun>b__1, took 89 ms.
TpTrace Information: 0 : 29300, 1, 2023/08/08, 18:08:35.599, 1814861618652, vstest.console.dll, RunTestsArgumentProcessor:Execute: Test run is completed.
TpTrace Information: 0 : 29300, 14, 2023/08/08, 18:08:35.599, 1814861618755, vstest.console.dll, SocketServer.PrivateStop: Stopping server endPoint: 127.0.0.1:52341 error: 
TpTrace Verbose: 0 : 29300, 1, 2023/08/08, 18:08:35.599, 1814861620606, vstest.console.dll, Executor.Execute: Exiting with exit code of 0
TpTrace Verbose: 0 : 29300, 14, 2023/08/08, 18:08:35.599, 1814861622880, vstest.console.dll, LengthPrefixCommunicationChannel.Dispose: Dispose reader and writer.
TpTrace Information: 0 : 29300, 14, 2023/08/08, 18:08:35.599, 1814861623524, vstest.console.dll, SocketServer.Stop: Raise disconnected event endPoint: 127.0.0.1:52341 error: 
TpTrace Verbose: 0 : 29300, 14, 2023/08/08, 18:08:35.599, 1814861623942, vstest.console.dll, TestRequestSender: OnTestRunAbort: Operation is already complete. Skip error message.
TpTrace Verbose: 0 : 29300, 14, 2023/08/08, 18:08:35.599, 1814861624168, vstest.console.dll, MulticastDelegateUtilities.SafeInvoke: SocketServer: ClientDisconnected: Invoking callback 1/1 for Microsoft.VisualStudio.TestPlatform.CommunicationUtilities.TestRequestSender.<InitializeCommunication>b__23_1, took 0 ms.
TpTrace Verbose: 0 : 29300, 14, 2023/08/08, 18:08:35.599, 1814861624335, vstest.console.dll, TcpClientExtensions.MessageLoopAsync: exiting MessageLoopAsync remoteEndPoint: 127.0.0.1:52342 localEndPoint: 127.0.0.1:52341
